2023-08-08 08:48:42.048  INFO 176 --- [main] com.dreamchaser.depository_manage.DepositoryManageApplication : Starting DepositoryManageApplication on LAPTOP-H19ORN5S with PID 176 (C:\Users\Q\Desktop\副本\WlCk-master\target\classes started by Q in C:\Users\Q\Desktop\副本\WlCk-master)
2023-08-08 08:48:42.050  INFO 176 --- [main] com.dreamchaser.depository_manage.DepositoryManageApplication : The following profiles are active: test
2023-08-08 08:48:42.841  INFO 176 --- [main] org.springframework.boot.web.embedded.tomcat.TomcatWebServer : Tomcat initialized with port(s): 8080 (http)
2023-08-08 08:48:42.849  INFO 176 --- [main] org.apache.catalina.core.StandardService : Starting service [Tomcat]
2023-08-08 08:48:42.849  INFO 176 --- [main] org.apache.catalina.core.StandardEngine : Starting Servlet engine: [Apache Tomcat/9.0.41]
2023-08-08 08:48:42.932  INFO 176 --- [main] org.apache.catalina.core.ContainerBase.[Tomcat].[localhost].[/] : Initializing Spring embedded WebApplicationContext
2023-08-08 08:48:42.932  INFO 176 --- [main] org.springframework.boot.web.servlet.context.ServletWebServerApplicationContext : Root WebApplicationContext: initialization completed in 852 ms
2023-08-08 08:48:43.369  INFO 176 --- [main] org.springframework.scheduling.concurrent.ThreadPoolTaskExecutor : Initializing ExecutorService 'applicationTaskExecutor'
2023-08-08 08:48:43.428  INFO 176 --- [main] org.springframework.boot.autoconfigure.web.servlet.WelcomePageHandlerMapping : Adding welcome page template: index
2023-08-08 08:48:43.552  INFO 176 --- [main] org.springframework.boot.web.embedded.tomcat.TomcatWebServer : Tomcat started on port(s): 8080 (http) with context path ''
2023-08-08 08:48:43.559  INFO 176 --- [main] com.dreamchaser.depository_manage.DepositoryManageApplication : Started DepositoryManageApplication in 1.899 seconds (JVM running for 2.381)
2023-08-08 08:48:54.591  INFO 176 --- [http-nio-8080-exec-1] org.apache.catalina.core.ContainerBase.[Tomcat].[localhost].[/] : Initializing Spring DispatcherServlet 'dispatcherServlet'
2023-08-08 08:48:54.592  INFO 176 --- [http-nio-8080-exec-1] org.springframework.web.servlet.DispatcherServlet : Initializing Servlet 'dispatcherServlet'
2023-08-08 08:48:54.597  INFO 176 --- [http-nio-8080-exec-1] org.springframework.web.servlet.DispatcherServlet : Completed initialization in 5 ms
2023-08-08 08:48:56.385  INFO 176 --- [http-nio-8080-exec-6] com.alibaba.druid.pool.DruidDataSource : {dataSource-1} inited
2023-08-08 08:54:45.545  INFO 176 --- [SpringContextShutdownHook] org.springframework.scheduling.concurrent.ThreadPoolTaskExecutor : Shutting down ExecutorService 'applicationTaskExecutor'
2023-08-08 08:54:45.548  INFO 176 --- [SpringContextShutdownHook] com.alibaba.druid.pool.DruidDataSource : {dataSource-1} closed
2023-08-08 08:54:48.910  INFO 5808 --- [main] com.dreamchaser.depository_manage.DepositoryManageApplication : Starting DepositoryManageApplication on LAPTOP-H19ORN5S with PID 5808 (C:\Users\Q\Desktop\副本\WlCk-master\target\classes started by Q in C:\Users\Q\Desktop\副本\WlCk-master)
2023-08-08 08:54:48.912  INFO 5808 --- [main] com.dreamchaser.depository_manage.DepositoryManageApplication : The following profiles are active: test
2023-08-08 08:54:49.639  INFO 5808 --- [main] org.springframework.boot.web.embedded.tomcat.TomcatWebServer : Tomcat initialized with port(s): 8080 (http)
2023-08-08 08:54:49.646  INFO 5808 --- [main] org.apache.catalina.core.StandardService : Starting service [Tomcat]
2023-08-08 08:54:49.646  INFO 5808 --- [main] org.apache.catalina.core.StandardEngine : Starting Servlet engine: [Apache Tomcat/9.0.41]
2023-08-08 08:54:49.722  INFO 5808 --- [main] org.apache.catalina.core.ContainerBase.[Tomcat].[localhost].[/] : Initializing Spring embedded WebApplicationContext
2023-08-08 08:54:49.723  INFO 5808 --- [main] org.springframework.boot.web.servlet.context.ServletWebServerApplicationContext : Root WebApplicationContext: initialization completed in 785 ms
2023-08-08 08:54:50.148  INFO 5808 --- [main] org.springframework.scheduling.concurrent.ThreadPoolTaskExecutor : Initializing ExecutorService 'applicationTaskExecutor'
2023-08-08 08:54:50.202  INFO 5808 --- [main] org.springframework.boot.autoconfigure.web.servlet.WelcomePageHandlerMapping : Adding welcome page template: index
2023-08-08 08:54:50.321  INFO 5808 --- [main] org.springframework.boot.web.embedded.tomcat.TomcatWebServer : Tomcat started on port(s): 8080 (http) with context path ''
2023-08-08 08:54:50.327  INFO 5808 --- [main] com.dreamchaser.depository_manage.DepositoryManageApplication : Started DepositoryManageApplication in 1.737 seconds (JVM running for 2.127)
2023-08-08 08:54:54.928  INFO 5808 --- [http-nio-8080-exec-1] org.apache.catalina.core.ContainerBase.[Tomcat].[localhost].[/] : Initializing Spring DispatcherServlet 'dispatcherServlet'
2023-08-08 08:54:54.929  INFO 5808 --- [http-nio-8080-exec-1] org.springframework.web.servlet.DispatcherServlet : Initializing Servlet 'dispatcherServlet'
2023-08-08 08:54:54.934  INFO 5808 --- [http-nio-8080-exec-1] org.springframework.web.servlet.DispatcherServlet : Completed initialization in 5 ms
2023-08-08 08:54:56.007  INFO 5808 --- [http-nio-8080-exec-3] com.alibaba.druid.pool.DruidDataSource : {dataSource-1} inited
2023-08-08 09:15:10.703  INFO 5808 --- [SpringContextShutdownHook] org.springframework.scheduling.concurrent.ThreadPoolTaskExecutor : Shutting down ExecutorService 'applicationTaskExecutor'
2023-08-08 09:15:10.706  INFO 5808 --- [SpringContextShutdownHook] com.alibaba.druid.pool.DruidDataSource : {dataSource-1} closed
2023-08-08 10:11:13.695  INFO 16800 --- [main] com.dreamchaser.depository_manage.DepositoryManageApplication : Starting DepositoryManageApplication on LAPTOP-H19ORN5S with PID 16800 (C:\Users\Q\Desktop\副本\WlCk-master\target\classes started by Q in C:\Users\Q\Desktop\副本\WlCk-master)
2023-08-08 10:11:13.697  INFO 16800 --- [main] com.dreamchaser.depository_manage.DepositoryManageApplication : The following profiles are active: test
2023-08-08 10:11:14.492  INFO 16800 --- [main] org.springframework.boot.web.embedded.tomcat.TomcatWebServer : Tomcat initialized with port(s): 8080 (http)
2023-08-08 10:11:14.500  INFO 16800 --- [main] org.apache.catalina.core.StandardService : Starting service [Tomcat]
2023-08-08 10:11:14.500  INFO 16800 --- [main] org.apache.catalina.core.StandardEngine : Starting Servlet engine: [Apache Tomcat/9.0.41]
2023-08-08 10:11:14.576  INFO 16800 --- [main] org.apache.catalina.core.ContainerBase.[Tomcat].[localhost].[/] : Initializing Spring embedded WebApplicationContext
2023-08-08 10:11:14.576  INFO 16800 --- [main] org.springframework.boot.web.servlet.context.ServletWebServerApplicationContext : Root WebApplicationContext: initialization completed in 849 ms
2023-08-08 10:11:15.073  INFO 16800 --- [main] org.springframework.scheduling.concurrent.ThreadPoolTaskExecutor : Initializing ExecutorService 'applicationTaskExecutor'
2023-08-08 10:11:15.130  INFO 16800 --- [main] org.springframework.boot.autoconfigure.web.servlet.WelcomePageHandlerMapping : Adding welcome page template: index
2023-08-08 10:11:15.258  INFO 16800 --- [main] org.springframework.boot.web.embedded.tomcat.TomcatWebServer : Tomcat started on port(s): 8080 (http) with context path ''
2023-08-08 10:11:15.264  INFO 16800 --- [main] com.dreamchaser.depository_manage.DepositoryManageApplication : Started DepositoryManageApplication in 1.925 seconds (JVM running for 2.402)
2023-08-08 10:38:17.884  INFO 16800 --- [SpringContextShutdownHook] org.springframework.scheduling.concurrent.ThreadPoolTaskExecutor : Shutting down ExecutorService 'applicationTaskExecutor'
2023-08-08 11:02:01.387  INFO 8652 --- [main] com.dreamchaser.depository_manage.DepositoryManageApplication : Starting DepositoryManageApplication on LAPTOP-H19ORN5S with PID 8652 (C:\Users\Q\Desktop\副本\WlCk-master\target\classes started by Q in C:\Users\Q\Desktop\副本\WlCk-master)
2023-08-08 11:02:01.389  INFO 8652 --- [main] com.dreamchaser.depository_manage.DepositoryManageApplication : The following profiles are active: test
2023-08-08 11:02:02.175  INFO 8652 --- [main] org.springframework.boot.web.embedded.tomcat.TomcatWebServer : Tomcat initialized with port(s): 8080 (http)
2023-08-08 11:02:02.184  INFO 8652 --- [main] org.apache.catalina.core.StandardService : Starting service [Tomcat]
2023-08-08 11:02:02.184  INFO 8652 --- [main] org.apache.catalina.core.StandardEngine : Starting Servlet engine: [Apache Tomcat/9.0.41]
2023-08-08 11:02:02.272  INFO 8652 --- [main] org.apache.catalina.core.ContainerBase.[Tomcat].[localhost].[/] : Initializing Spring embedded WebApplicationContext
2023-08-08 11:02:02.272  INFO 8652 --- [main] org.springframework.boot.web.servlet.context.ServletWebServerApplicationContext : Root WebApplicationContext: initialization completed in 852 ms
2023-08-08 11:02:02.727  INFO 8652 --- [main] org.springframework.scheduling.concurrent.ThreadPoolTaskExecutor : Initializing ExecutorService 'applicationTaskExecutor'
2023-08-08 11:02:02.783  INFO 8652 --- [main] org.springframework.boot.autoconfigure.web.servlet.WelcomePageHandlerMapping : Adding welcome page template: index
2023-08-08 11:02:02.908  INFO 8652 --- [main] org.springframework.boot.web.embedded.tomcat.TomcatWebServer : Tomcat started on port(s): 8080 (http) with context path ''
2023-08-08 11:02:02.914  INFO 8652 --- [main] com.dreamchaser.depository_manage.DepositoryManageApplication : Started DepositoryManageApplication in 1.902 seconds (JVM running for 2.342)
2023-08-08 11:02:07.673  INFO 8652 --- [http-nio-8080-exec-1] org.apache.catalina.core.ContainerBase.[Tomcat].[localhost].[/] : Initializing Spring DispatcherServlet 'dispatcherServlet'
2023-08-08 11:02:07.673  INFO 8652 --- [http-nio-8080-exec-1] org.springframework.web.servlet.DispatcherServlet : Initializing Servlet 'dispatcherServlet'
2023-08-08 11:02:07.677  INFO 8652 --- [http-nio-8080-exec-1] org.springframework.web.servlet.DispatcherServlet : Completed initialization in 4 ms
2023-08-08 11:02:09.520  INFO 8652 --- [http-nio-8080-exec-8] com.alibaba.druid.pool.DruidDataSource : {dataSource-1} inited
2023-08-08 11:28:08.993  INFO 8652 --- [SpringContextShutdownHook] org.springframework.scheduling.concurrent.ThreadPoolTaskExecutor : Shutting down ExecutorService 'applicationTaskExecutor'
2023-08-08 11:28:08.996  INFO 8652 --- [SpringContextShutdownHook] com.alibaba.druid.pool.DruidDataSource : {dataSource-1} closed
2023-08-08 11:28:11.629  INFO 22196 --- [main] com.dreamchaser.depository_manage.DepositoryManageApplication : Starting DepositoryManageApplication on LAPTOP-H19ORN5S with PID 22196 (C:\Users\Q\Desktop\副本\WlCk-master\target\classes started by Q in C:\Users\Q\Desktop\副本\WlCk-master)
2023-08-08 11:28:11.631  INFO 22196 --- [main] com.dreamchaser.depository_manage.DepositoryManageApplication : The following profiles are active: test
2023-08-08 11:28:12.398  INFO 22196 --- [main] org.springframework.boot.web.embedded.tomcat.TomcatWebServer : Tomcat initialized with port(s): 8080 (http)
2023-08-08 11:28:12.405  INFO 22196 --- [main] org.apache.catalina.core.StandardService : Starting service [Tomcat]
2023-08-08 11:28:12.406  INFO 22196 --- [main] org.apache.catalina.core.StandardEngine : Starting Servlet engine: [Apache Tomcat/9.0.41]
2023-08-08 11:28:12.491  INFO 22196 --- [main] org.apache.catalina.core.ContainerBase.[Tomcat].[localhost].[/] : Initializing Spring embedded WebApplicationContext
2023-08-08 11:28:12.492  INFO 22196 --- [main] org.springframework.boot.web.servlet.context.ServletWebServerApplicationContext : Root WebApplicationContext: initialization completed in 834 ms
2023-08-08 11:28:12.945  INFO 22196 --- [main] org.springframework.scheduling.concurrent.ThreadPoolTaskExecutor : Initializing ExecutorService 'applicationTaskExecutor'
2023-08-08 11:28:12.999  INFO 22196 --- [main] org.springframework.boot.autoconfigure.web.servlet.WelcomePageHandlerMapping : Adding welcome page template: index
2023-08-08 11:28:13.129  INFO 22196 --- [main] org.springframework.boot.web.embedded.tomcat.TomcatWebServer : Tomcat started on port(s): 8080 (http) with context path ''
2023-08-08 11:28:13.136  INFO 22196 --- [main] com.dreamchaser.depository_manage.DepositoryManageApplication : Started DepositoryManageApplication in 1.846 seconds (JVM running for 2.263)
2023-08-08 11:28:17.801  INFO 22196 --- [http-nio-8080-exec-1] org.apache.catalina.core.ContainerBase.[Tomcat].[localhost].[/] : Initializing Spring DispatcherServlet 'dispatcherServlet'
2023-08-08 11:28:17.802  INFO 22196 --- [http-nio-8080-exec-1] org.springframework.web.servlet.DispatcherServlet : Initializing Servlet 'dispatcherServlet'
2023-08-08 11:28:17.805  INFO 22196 --- [http-nio-8080-exec-1] org.springframework.web.servlet.DispatcherServlet : Completed initialization in 3 ms
2023-08-08 11:28:18.944  INFO 22196 --- [http-nio-8080-exec-3] com.alibaba.druid.pool.DruidDataSource : {dataSource-1} inited
2023-08-08 11:33:20.410  INFO 22196 --- [SpringContextShutdownHook] org.springframework.scheduling.concurrent.ThreadPoolTaskExecutor : Shutting down ExecutorService 'applicationTaskExecutor'
2023-08-08 11:33:20.413  INFO 22196 --- [SpringContextShutdownHook] com.alibaba.druid.pool.DruidDataSource : {dataSource-1} closed
2023-08-08 11:33:22.387  INFO 21772 --- [main] com.dreamchaser.depository_manage.DepositoryManageApplication : Starting DepositoryManageApplication on LAPTOP-H19ORN5S with PID 21772 (C:\Users\Q\Desktop\副本\WlCk-master\target\classes started by Q in C:\Users\Q\Desktop\副本\WlCk-master)
2023-08-08 11:33:22.389  INFO 21772 --- [main] com.dreamchaser.depository_manage.DepositoryManageApplication : The following profiles are active: test
2023-08-08 11:33:23.092  INFO 21772 --- [main] org.springframework.boot.web.embedded.tomcat.TomcatWebServer : Tomcat initialized with port(s): 8080 (http)
2023-08-08 11:33:23.099  INFO 21772 --- [main] org.apache.catalina.core.StandardService : Starting service [Tomcat]
2023-08-08 11:33:23.100  INFO 21772 --- [main] org.apache.catalina.core.StandardEngine : Starting Servlet engine: [Apache Tomcat/9.0.41]
2023-08-08 11:33:23.178  INFO 21772 --- [main] org.apache.catalina.core.ContainerBase.[Tomcat].[localhost].[/] : Initializing Spring embedded WebApplicationContext
2023-08-08 11:33:23.178  INFO 21772 --- [main] org.springframework.boot.web.servlet.context.ServletWebServerApplicationContext : Root WebApplicationContext: initialization completed in 764 ms
2023-08-08 11:33:23.573  INFO 21772 --- [main] org.springframework.scheduling.concurrent.ThreadPoolTaskExecutor : Initializing ExecutorService 'applicationTaskExecutor'
2023-08-08 11:33:23.624  INFO 21772 --- [main] org.springframework.boot.autoconfigure.web.servlet.WelcomePageHandlerMapping : Adding welcome page template: index
2023-08-08 11:33:23.738  INFO 21772 --- [main] org.springframework.boot.web.embedded.tomcat.TomcatWebServer : Tomcat started on port(s): 8080 (http) with context path ''
2023-08-08 11:33:23.745  INFO 21772 --- [main] com.dreamchaser.depository_manage.DepositoryManageApplication : Started DepositoryManageApplication in 1.679 seconds (JVM running for 2.159)
2023-08-08 11:33:28.870  INFO 21772 --- [http-nio-8080-exec-1] org.apache.catalina.core.ContainerBase.[Tomcat].[localhost].[/] : Initializing Spring DispatcherServlet 'dispatcherServlet'
2023-08-08 11:33:28.870  INFO 21772 --- [http-nio-8080-exec-1] org.springframework.web.servlet.DispatcherServlet : Initializing Servlet 'dispatcherServlet'
2023-08-08 11:33:28.874  INFO 21772 --- [http-nio-8080-exec-1] org.springframework.web.servlet.DispatcherServlet : Completed initialization in 4 ms
2023-08-08 11:33:30.020  INFO 21772 --- [http-nio-8080-exec-3] com.alibaba.druid.pool.DruidDataSource : {dataSource-1} inited
2023-08-08 11:35:48.411  INFO 21772 --- [SpringContextShutdownHook] org.springframework.scheduling.concurrent.ThreadPoolTaskExecutor : Shutting down ExecutorService 'applicationTaskExecutor'
2023-08-08 11:35:48.414  INFO 21772 --- [SpringContextShutdownHook] com.alibaba.druid.pool.DruidDataSource : {dataSource-1} closed
2023-08-08 11:35:50.418  INFO 17696 --- [main] com.dreamchaser.depository_manage.DepositoryManageApplication : Starting DepositoryManageApplication on LAPTOP-H19ORN5S with PID 17696 (C:\Users\Q\Desktop\副本\WlCk-master\target\classes started by Q in C:\Users\Q\Desktop\副本\WlCk-master)
2023-08-08 11:35:50.420  INFO 17696 --- [main] com.dreamchaser.depository_manage.DepositoryManageApplication : The following profiles are active: test
2023-08-08 11:35:51.129  INFO 17696 --- [main] org.springframework.boot.web.embedded.tomcat.TomcatWebServer : Tomcat initialized with port(s): 8080 (http)
2023-08-08 11:35:51.136  INFO 17696 --- [main] org.apache.catalina.core.StandardService : Starting service [Tomcat]
2023-08-08 11:35:51.136  INFO 17696 --- [main] org.apache.catalina.core.StandardEngine : Starting Servlet engine: [Apache Tomcat/9.0.41]
2023-08-08 11:35:51.213  INFO 17696 --- [main] org.apache.catalina.core.ContainerBase.[Tomcat].[localhost].[/] : Initializing Spring embedded WebApplicationContext
2023-08-08 11:35:51.213  INFO 17696 --- [main] org.springframework.boot.web.servlet.context.ServletWebServerApplicationContext : Root WebApplicationContext: initialization completed in 767 ms
2023-08-08 11:35:51.609  INFO 17696 --- [main] org.springframework.scheduling.concurrent.ThreadPoolTaskExecutor : Initializing ExecutorService 'applicationTaskExecutor'
2023-08-08 11:35:51.660  INFO 17696 --- [main] org.springframework.boot.autoconfigure.web.servlet.WelcomePageHandlerMapping : Adding welcome page template: index
2023-08-08 11:35:51.775  INFO 17696 --- [main] org.springframework.boot.web.embedded.tomcat.TomcatWebServer : Tomcat started on port(s): 8080 (http) with context path ''
2023-08-08 11:35:51.781  INFO 17696 --- [main] com.dreamchaser.depository_manage.DepositoryManageApplication : Started DepositoryManageApplication in 1.675 seconds (JVM running for 2.109)
2023-08-08 11:35:59.656  INFO 17696 --- [http-nio-8080-exec-1] org.apache.catalina.core.ContainerBase.[Tomcat].[localhost].[/] : Initializing Spring DispatcherServlet 'dispatcherServlet'
2023-08-08 11:35:59.656  INFO 17696 --- [http-nio-8080-exec-1] org.springframework.web.servlet.DispatcherServlet : Initializing Servlet 'dispatcherServlet'
2023-08-08 11:35:59.661  INFO 17696 --- [http-nio-8080-exec-1] org.springframework.web.servlet.DispatcherServlet : Completed initialization in 5 ms
2023-08-08 11:36:00.638  INFO 17696 --- [http-nio-8080-exec-3] com.alibaba.druid.pool.DruidDataSource : {dataSource-1} inited
2023-08-08 11:36:49.057  INFO 17696 --- [SpringContextShutdownHook] org.springframework.scheduling.concurrent.ThreadPoolTaskExecutor : Shutting down ExecutorService 'applicationTaskExecutor'
2023-08-08 11:36:49.059  INFO 17696 --- [SpringContextShutdownHook] com.alibaba.druid.pool.DruidDataSource : {dataSource-1} closed
2023-08-08 11:36:51.040  INFO 7780 --- [main] com.dreamchaser.depository_manage.DepositoryManageApplication : Starting DepositoryManageApplication on LAPTOP-H19ORN5S with PID 7780 (C:\Users\Q\Desktop\副本\WlCk-master\target\classes started by Q in C:\Users\Q\Desktop\副本\WlCk-master)
2023-08-08 11:36:51.042  INFO 7780 --- [main] com.dreamchaser.depository_manage.DepositoryManageApplication : The following profiles are active: test
2023-08-08 11:36:51.746  INFO 7780 --- [main] org.springframework.boot.web.embedded.tomcat.TomcatWebServer : Tomcat initialized with port(s): 8080 (http)
2023-08-08 11:36:51.753  INFO 7780 --- [main] org.apache.catalina.core.StandardService : Starting service [Tomcat]
2023-08-08 11:36:51.753  INFO 7780 --- [main] org.apache.catalina.core.StandardEngine : Starting Servlet engine: [Apache Tomcat/9.0.41]
2023-08-08 11:36:51.830  INFO 7780 --- [main] org.apache.catalina.core.ContainerBase.[Tomcat].[localhost].[/] : Initializing Spring embedded WebApplicationContext
2023-08-08 11:36:51.830  INFO 7780 --- [main] org.springframework.boot.web.servlet.context.ServletWebServerApplicationContext : Root WebApplicationContext: initialization completed in 762 ms
2023-08-08 11:36:52.237  INFO 7780 --- [main] org.springframework.scheduling.concurrent.ThreadPoolTaskExecutor : Initializing ExecutorService 'applicationTaskExecutor'
2023-08-08 11:36:52.285  INFO 7780 --- [main] org.springframework.boot.autoconfigure.web.servlet.WelcomePageHandlerMapping : Adding welcome page template: index
2023-08-08 11:36:52.399  INFO 7780 --- [main] org.springframework.boot.web.embedded.tomcat.TomcatWebServer : Tomcat started on port(s): 8080 (http) with context path ''
2023-08-08 11:36:52.405  INFO 7780 --- [main] com.dreamchaser.depository_manage.DepositoryManageApplication : Started DepositoryManageApplication in 1.68 seconds (JVM running for 2.126)
2023-08-08 11:37:04.155  INFO 7780 --- [http-nio-8080-exec-1] org.apache.catalina.core.ContainerBase.[Tomcat].[localhost].[/] : Initializing Spring DispatcherServlet 'dispatcherServlet'
2023-08-08 11:37:04.155  INFO 7780 --- [http-nio-8080-exec-1] org.springframework.web.servlet.DispatcherServlet : Initializing Servlet 'dispatcherServlet'
2023-08-08 11:37:04.159  INFO 7780 --- [http-nio-8080-exec-1] org.springframework.web.servlet.DispatcherServlet : Completed initialization in 4 ms
2023-08-08 11:37:11.999  INFO 7780 --- [http-nio-8080-exec-1] com.alibaba.druid.pool.DruidDataSource : {dataSource-1} inited
2023-08-08 11:52:41.848  INFO 7780 --- [SpringContextShutdownHook] org.springframework.scheduling.concurrent.ThreadPoolTaskExecutor : Shutting down ExecutorService 'applicationTaskExecutor'
2023-08-08 11:52:41.851  INFO 7780 --- [SpringContextShutdownHook] com.alibaba.druid.pool.DruidDataSource : {dataSource-1} closed
2023-08-08 11:52:43.728  INFO 11656 --- [main] com.dreamchaser.depository_manage.DepositoryManageApplication : Starting DepositoryManageApplication on LAPTOP-H19ORN5S with PID 11656 (C:\Users\Q\Desktop\副本\WlCk-master\target\classes started by Q in C:\Users\Q\Desktop\副本\WlCk-master)
2023-08-08 11:52:43.730  INFO 11656 --- [main] com.dreamchaser.depository_manage.DepositoryManageApplication : The following profiles are active: test
2023-08-08 11:52:44.445  INFO 11656 --- [main] org.springframework.boot.web.embedded.tomcat.TomcatWebServer : Tomcat initialized with port(s): 8080 (http)
2023-08-08 11:52:44.451  INFO 11656 --- [main] org.apache.catalina.core.StandardService : Starting service [Tomcat]
2023-08-08 11:52:44.452  INFO 11656 --- [main] org.apache.catalina.core.StandardEngine : Starting Servlet engine: [Apache Tomcat/9.0.41]
2023-08-08 11:52:44.518  INFO 11656 --- [main] org.apache.catalina.core.ContainerBase.[Tomcat].[localhost].[/] : Initializing Spring embedded WebApplicationContext
2023-08-08 11:52:44.518  INFO 11656 --- [main] org.springframework.boot.web.servlet.context.ServletWebServerApplicationContext : Root WebApplicationContext: initialization completed in 761 ms
2023-08-08 11:52:44.920  INFO 11656 --- [main] org.springframework.scheduling.concurrent.ThreadPoolTaskExecutor : Initializing ExecutorService 'applicationTaskExecutor'
2023-08-08 11:52:44.969  INFO 11656 --- [main] org.springframework.boot.autoconfigure.web.servlet.WelcomePageHandlerMapping : Adding welcome page template: index
2023-08-08 11:52:45.080  INFO 11656 --- [main] org.springframework.boot.web.embedded.tomcat.TomcatWebServer : Tomcat started on port(s): 8080 (http) with context path ''
2023-08-08 11:52:45.087  INFO 11656 --- [main] com.dreamchaser.depository_manage.DepositoryManageApplication : Started DepositoryManageApplication in 1.672 seconds (JVM running for 2.061)
2023-08-08 11:52:55.467  INFO 11656 --- [http-nio-8080-exec-1] org.apache.catalina.core.ContainerBase.[Tomcat].[localhost].[/] : Initializing Spring DispatcherServlet 'dispatcherServlet'
2023-08-08 11:52:55.467  INFO 11656 --- [http-nio-8080-exec-1] org.springframework.web.servlet.DispatcherServlet : Initializing Servlet 'dispatcherServlet'
2023-08-08 11:52:55.471  INFO 11656 --- [http-nio-8080-exec-1] org.springframework.web.servlet.DispatcherServlet : Completed initialization in 4 ms
2023-08-08 11:53:04.355  INFO 11656 --- [http-nio-8080-exec-8] com.alibaba.druid.pool.DruidDataSource : {dataSource-1} inited
2023-08-08 11:56:45.583  INFO 11656 --- [SpringContextShutdownHook] org.springframework.scheduling.concurrent.ThreadPoolTaskExecutor : Shutting down ExecutorService 'applicationTaskExecutor'
2023-08-08 11:56:45.585  INFO 11656 --- [SpringContextShutdownHook] com.alibaba.druid.pool.DruidDataSource : {dataSource-1} closed
2023-08-08 11:57:24.782  INFO 14400 --- [main] com.dreamchaser.depository_manage.DepositoryManageApplication : Starting DepositoryManageApplication on LAPTOP-H19ORN5S with PID 14400 (C:\Users\Q\Desktop\副本\WlCk-master\target\classes started by Q in C:\Users\Q\Desktop\副本\WlCk-master)
2023-08-08 11:57:24.784  INFO 14400 --- [main] com.dreamchaser.depository_manage.DepositoryManageApplication : The following profiles are active: test
2023-08-08 11:57:25.532  INFO 14400 --- [main] org.springframework.boot.web.embedded.tomcat.TomcatWebServer : Tomcat initialized with port(s): 8080 (http)
2023-08-08 11:57:25.540  INFO 14400 --- [main] org.apache.catalina.core.StandardService : Starting service [Tomcat]
2023-08-08 11:57:25.541  INFO 14400 --- [main] org.apache.catalina.core.StandardEngine : Starting Servlet engine: [Apache Tomcat/9.0.41]
2023-08-08 11:57:25.616  INFO 14400 --- [main] org.apache.catalina.core.ContainerBase.[Tomcat].[localhost].[/] : Initializing Spring embedded WebApplicationContext
2023-08-08 11:57:25.616  INFO 14400 --- [main] org.springframework.boot.web.servlet.context.ServletWebServerApplicationContext : Root WebApplicationContext: initialization completed in 804 ms
2023-08-08 11:57:26.121  INFO 14400 --- [main] org.springframework.scheduling.concurrent.ThreadPoolTaskExecutor : Initializing ExecutorService 'applicationTaskExecutor'
2023-08-08 11:57:26.208  INFO 14400 --- [main] org.springframework.boot.autoconfigure.web.servlet.WelcomePageHandlerMapping : Adding welcome page template: index
2023-08-08 11:57:26.363  INFO 14400 --- [main] org.springframework.boot.web.embedded.tomcat.TomcatWebServer : Tomcat started on port(s): 8080 (http) with context path ''
2023-08-08 11:57:26.370  INFO 14400 --- [main] com.dreamchaser.depository_manage.DepositoryManageApplication : Started DepositoryManageApplication in 1.922 seconds (JVM running for 2.376)
2023-08-08 11:57:38.811  INFO 14400 --- [http-nio-8080-exec-1] org.apache.catalina.core.ContainerBase.[Tomcat].[localhost].[/] : Initializing Spring DispatcherServlet 'dispatcherServlet'
2023-08-08 11:57:38.812  INFO 14400 --- [http-nio-8080-exec-1] org.springframework.web.servlet.DispatcherServlet : Initializing Servlet 'dispatcherServlet'
2023-08-08 11:57:38.816  INFO 14400 --- [http-nio-8080-exec-1] org.springframework.web.servlet.DispatcherServlet : Completed initialization in 4 ms
2023-08-08 11:57:40.062  INFO 14400 --- [http-nio-8080-exec-8] com.alibaba.druid.pool.DruidDataSource : {dataSource-1} inited
2023-08-08 12:19:24.726  INFO 14400 --- [SpringContextShutdownHook] org.springframework.scheduling.concurrent.ThreadPoolTaskExecutor : Shutting down ExecutorService 'applicationTaskExecutor'
2023-08-08 12:19:24.729  INFO 14400 --- [SpringContextShutdownHook] com.alibaba.druid.pool.DruidDataSource : {dataSource-1} closed
2023-08-08 13:39:50.371  INFO 16300 --- [main] com.dreamchaser.depository_manage.DepositoryManageApplication : Starting DepositoryManageApplication on LAPTOP-H19ORN5S with PID 16300 (C:\Users\Q\Desktop\副本\WlCk-master\target\classes started by Q in C:\Users\Q\Desktop\副本\WlCk-master)
2023-08-08 13:39:50.372  INFO 16300 --- [main] com.dreamchaser.depository_manage.DepositoryManageApplication : The following profiles are active: test
2023-08-08 13:39:51.208  INFO 16300 --- [main] org.springframework.boot.web.embedded.tomcat.TomcatWebServer : Tomcat initialized with port(s): 8080 (http)
2023-08-08 13:39:51.216  INFO 16300 --- [main] org.apache.catalina.core.StandardService : Starting service [Tomcat]
2023-08-08 13:39:51.216  INFO 16300 --- [main] org.apache.catalina.core.StandardEngine : Starting Servlet engine: [Apache Tomcat/9.0.41]
2023-08-08 13:39:51.300  INFO 16300 --- [main] org.apache.catalina.core.ContainerBase.[Tomcat].[localhost].[/] : Initializing Spring embedded WebApplicationContext
2023-08-08 13:39:51.300  INFO 16300 --- [main] org.springframework.boot.web.servlet.context.ServletWebServerApplicationContext : Root WebApplicationContext: initialization completed in 899 ms
2023-08-08 13:39:51.761  INFO 16300 --- [main] org.springframework.scheduling.concurrent.ThreadPoolTaskExecutor : Initializing ExecutorService 'applicationTaskExecutor'
2023-08-08 13:39:51.813  INFO 16300 --- [main] org.springframework.boot.autoconfigure.web.servlet.WelcomePageHandlerMapping : Adding welcome page template: index
2023-08-08 13:39:51.934  INFO 16300 --- [main] org.springframework.boot.web.embedded.tomcat.TomcatWebServer : Tomcat started on port(s): 8080 (http) with context path ''
2023-08-08 13:39:51.940  INFO 16300 --- [main] com.dreamchaser.depository_manage.DepositoryManageApplication : Started DepositoryManageApplication in 1.927 seconds (JVM running for 2.417)
2023-08-08 13:39:56.956  INFO 16300 --- [http-nio-8080-exec-1] org.apache.catalina.core.ContainerBase.[Tomcat].[localhost].[/] : Initializing Spring DispatcherServlet 'dispatcherServlet'
2023-08-08 13:39:56.956  INFO 16300 --- [http-nio-8080-exec-1] org.springframework.web.servlet.DispatcherServlet : Initializing Servlet 'dispatcherServlet'
2023-08-08 13:39:56.960  INFO 16300 --- [http-nio-8080-exec-1] org.springframework.web.servlet.DispatcherServlet : Completed initialization in 4 ms
2023-08-08 13:39:58.521  INFO 16300 --- [http-nio-8080-exec-4] com.alibaba.druid.pool.DruidDataSource : {dataSource-1} inited
2023-08-08 13:49:01.070  INFO 16300 --- [SpringContextShutdownHook] org.springframework.scheduling.concurrent.ThreadPoolTaskExecutor : Shutting down ExecutorService 'applicationTaskExecutor'
2023-08-08 13:49:01.073  INFO 16300 --- [SpringContextShutdownHook] com.alibaba.druid.pool.DruidDataSource : {dataSource-1} closed
2023-08-08 13:49:03.645  INFO 18452 --- [main] com.dreamchaser.depository_manage.DepositoryManageApplication : Starting DepositoryManageApplication on LAPTOP-H19ORN5S with PID 18452 (C:\Users\Q\Desktop\副本\WlCk-master\target\classes started by Q in C:\Users\Q\Desktop\副本\WlCk-master)
2023-08-08 13:49:03.647  INFO 18452 --- [main] com.dreamchaser.depository_manage.DepositoryManageApplication : The following profiles are active: test
2023-08-08 13:49:04.371  INFO 18452 --- [main] org.springframework.boot.web.embedded.tomcat.TomcatWebServer : Tomcat initialized with port(s): 8080 (http)
2023-08-08 13:49:04.378  INFO 18452 --- [main] org.apache.catalina.core.StandardService : Starting service [Tomcat]
2023-08-08 13:49:04.378  INFO 18452 --- [main] org.apache.catalina.core.StandardEngine : Starting Servlet engine: [Apache Tomcat/9.0.41]
2023-08-08 13:49:04.455  INFO 18452 --- [main] org.apache.catalina.core.ContainerBase.[Tomcat].[localhost].[/] : Initializing Spring embedded WebApplicationContext
2023-08-08 13:49:04.456  INFO 18452 --- [main] org.springframework.boot.web.servlet.context.ServletWebServerApplicationContext : Root WebApplicationContext: initialization completed in 783 ms
2023-08-08 13:49:04.881  INFO 18452 --- [main] org.springframework.scheduling.concurrent.ThreadPoolTaskExecutor : Initializing ExecutorService 'applicationTaskExecutor'
2023-08-08 13:49:04.935  INFO 18452 --- [main] org.springframework.boot.autoconfigure.web.servlet.WelcomePageHandlerMapping : Adding welcome page template: index
2023-08-08 13:49:05.059  INFO 18452 --- [main] org.springframework.boot.web.embedded.tomcat.TomcatWebServer : Tomcat started on port(s): 8080 (http) with context path ''
2023-08-08 13:49:05.066  INFO 18452 --- [main] com.dreamchaser.depository_manage.DepositoryManageApplication : Started DepositoryManageApplication in 1.742 seconds (JVM running for 2.164)
2023-08-08 13:49:16.887  INFO 18452 --- [http-nio-8080-exec-1] org.apache.catalina.core.ContainerBase.[Tomcat].[localhost].[/] : Initializing Spring DispatcherServlet 'dispatcherServlet'
2023-08-08 13:49:16.887  INFO 18452 --- [http-nio-8080-exec-1] org.springframework.web.servlet.DispatcherServlet : Initializing Servlet 'dispatcherServlet'
2023-08-08 13:49:16.891  INFO 18452 --- [http-nio-8080-exec-1] org.springframework.web.servlet.DispatcherServlet : Completed initialization in 4 ms
2023-08-08 13:49:18.253  INFO 18452 --- [http-nio-8080-exec-3] com.alibaba.druid.pool.DruidDataSource : {dataSource-1} inited
2023-08-08 13:49:43.725  INFO 18452 --- [SpringContextShutdownHook] org.springframework.scheduling.concurrent.ThreadPoolTaskExecutor : Shutting down ExecutorService 'applicationTaskExecutor'
2023-08-08 13:49:43.727  INFO 18452 --- [SpringContextShutdownHook] com.alibaba.druid.pool.DruidDataSource : {dataSource-1} closed
2023-08-08 13:49:50.735  INFO 23924 --- [main] com.dreamchaser.depository_manage.DepositoryManageApplication : Starting DepositoryManageApplication on LAPTOP-H19ORN5S with PID 23924 (C:\Users\Q\Desktop\副本\WlCk-master\target\classes started by Q in C:\Users\Q\Desktop\副本\WlCk-master)
2023-08-08 13:49:50.737  INFO 23924 --- [main] com.dreamchaser.depository_manage.DepositoryManageApplication : The following profiles are active: test
2023-08-08 13:49:51.496  INFO 23924 --- [main] org.springframework.boot.web.embedded.tomcat.TomcatWebServer : Tomcat initialized with port(s): 8080 (http)
2023-08-08 13:49:51.504  INFO 23924 --- [main] org.apache.catalina.core.StandardService : Starting service [Tomcat]
2023-08-08 13:49:51.505  INFO 23924 --- [main] org.apache.catalina.core.StandardEngine : Starting Servlet engine: [Apache Tomcat/9.0.41]
2023-08-08 13:49:51.587  INFO 23924 --- [main] org.apache.catalina.core.ContainerBase.[Tomcat].[localhost].[/] : Initializing Spring embedded WebApplicationContext
2023-08-08 13:49:51.588  INFO 23924 --- [main] org.springframework.boot.web.servlet.context.ServletWebServerApplicationContext : Root WebApplicationContext: initialization completed in 821 ms
2023-08-08 13:49:52.015  INFO 23924 --- [main] org.springframework.scheduling.concurrent.ThreadPoolTaskExecutor : Initializing ExecutorService 'applicationTaskExecutor'
2023-08-08 13:49:52.066  INFO 23924 --- [main] org.springframework.boot.autoconfigure.web.servlet.WelcomePageHandlerMapping : Adding welcome page template: index
2023-08-08 13:49:52.190  INFO 23924 --- [main] org.springframework.boot.web.embedded.tomcat.TomcatWebServer : Tomcat started on port(s): 8080 (http) with context path ''
2023-08-08 13:49:52.196  INFO 23924 --- [main] com.dreamchaser.depository_manage.DepositoryManageApplication : Started DepositoryManageApplication in 1.795 seconds (JVM running for 2.226)
2023-08-08 13:50:00.666  INFO 23924 --- [http-nio-8080-exec-1] org.apache.catalina.core.ContainerBase.[Tomcat].[localhost].[/] : Initializing Spring DispatcherServlet 'dispatcherServlet'
2023-08-08 13:50:00.666  INFO 23924 --- [http-nio-8080-exec-1] org.springframework.web.servlet.DispatcherServlet : Initializing Servlet 'dispatcherServlet'
2023-08-08 13:50:00.671  INFO 23924 --- [http-nio-8080-exec-1] org.springframework.web.servlet.DispatcherServlet : Completed initialization in 5 ms
2023-08-08 13:50:01.556  INFO 23924 --- [http-nio-8080-exec-8] com.alibaba.druid.pool.DruidDataSource : {dataSource-1} inited
2023-08-08 13:53:03.817  INFO 23924 --- [SpringContextShutdownHook] org.springframework.scheduling.concurrent.ThreadPoolTaskExecutor : Shutting down ExecutorService 'applicationTaskExecutor'
2023-08-08 13:53:03.820  INFO 23924 --- [SpringContextShutdownHook] com.alibaba.druid.pool.DruidDataSource : {dataSource-1} closed
2023-08-08 13:53:07.144  INFO 16140 --- [main] com.dreamchaser.depository_manage.DepositoryManageApplication : Starting DepositoryManageApplication on LAPTOP-H19ORN5S with PID 16140 (C:\Users\Q\Desktop\副本\WlCk-master\target\classes started by Q in C:\Users\Q\Desktop\副本\WlCk-master)
2023-08-08 13:53:07.147  INFO 16140 --- [main] com.dreamchaser.depository_manage.DepositoryManageApplication : The following profiles are active: test
2023-08-08 13:53:07.886  INFO 16140 --- [main] org.springframework.boot.web.embedded.tomcat.TomcatWebServer : Tomcat initialized with port(s): 8080 (http)
2023-08-08 13:53:07.892  INFO 16140 --- [main] org.apache.catalina.core.StandardService : Starting service [Tomcat]
2023-08-08 13:53:07.893  INFO 16140 --- [main] org.apache.catalina.core.StandardEngine : Starting Servlet engine: [Apache Tomcat/9.0.41]
2023-08-08 13:53:07.969  INFO 16140 --- [main] org.apache.catalina.core.ContainerBase.[Tomcat].[localhost].[/] : Initializing Spring embedded WebApplicationContext
2023-08-08 13:53:07.969  INFO 16140 --- [main] org.springframework.boot.web.servlet.context.ServletWebServerApplicationContext : Root WebApplicationContext: initialization completed in 793 ms
2023-08-08 13:53:08.381  INFO 16140 --- [main] org.springframework.scheduling.concurrent.ThreadPoolTaskExecutor : Initializing ExecutorService 'applicationTaskExecutor'
2023-08-08 13:53:08.431  INFO 16140 --- [main] org.springframework.boot.autoconfigure.web.servlet.WelcomePageHandlerMapping : Adding welcome page template: index
2023-08-08 13:53:08.554  INFO 16140 --- [main] org.springframework.boot.web.embedded.tomcat.TomcatWebServer : Tomcat started on port(s): 8080 (http) with context path ''
2023-08-08 13:53:08.561  INFO 16140 --- [main] com.dreamchaser.depository_manage.DepositoryManageApplication : Started DepositoryManageApplication in 1.725 seconds (JVM running for 2.113)
2023-08-08 13:53:11.977  INFO 16140 --- [http-nio-8080-exec-1] org.apache.catalina.core.ContainerBase.[Tomcat].[localhost].[/] : Initializing Spring DispatcherServlet 'dispatcherServlet'
2023-08-08 13:53:11.977  INFO 16140 --- [http-nio-8080-exec-1] org.springframework.web.servlet.DispatcherServlet : Initializing Servlet 'dispatcherServlet'
2023-08-08 13:53:11.981  INFO 16140 --- [http-nio-8080-exec-1] org.springframework.web.servlet.DispatcherServlet : Completed initialization in 3 ms
2023-08-08 13:53:13.238  INFO 16140 --- [http-nio-8080-exec-3] com.alibaba.druid.pool.DruidDataSource : {dataSource-1} inited
2023-08-08 14:31:44.096  INFO 16140 --- [SpringContextShutdownHook] org.springframework.scheduling.concurrent.ThreadPoolTaskExecutor : Shutting down ExecutorService 'applicationTaskExecutor'
2023-08-08 14:31:44.097  INFO 16140 --- [SpringContextShutdownHook] com.alibaba.druid.pool.DruidDataSource : {dataSource-1} closed
2023-08-08 14:34:46.268  INFO 15132 --- [main] com.dreamchaser.depository_manage.DepositoryManageApplication : Starting DepositoryManageApplication on LAPTOP-H19ORN5S with PID 15132 (C:\Users\Q\Desktop\副本\WlCk-master\target\classes started by Q in C:\Users\Q\Desktop\副本\WlCk-master)
2023-08-08 14:34:46.273  INFO 15132 --- [main] com.dreamchaser.depository_manage.DepositoryManageApplication : The following profiles are active: test
2023-08-08 14:34:47.465  INFO 15132 --- [main] org.springframework.boot.web.embedded.tomcat.TomcatWebServer : Tomcat initialized with port(s): 8080 (http)
2023-08-08 14:34:47.478  INFO 15132 --- [main] org.apache.catalina.core.StandardService : Starting service [Tomcat]
2023-08-08 14:34:47.478  INFO 15132 --- [main] org.apache.catalina.core.StandardEngine : Starting Servlet engine: [Apache Tomcat/9.0.41]
2023-08-08 14:34:47.582  INFO 15132 --- [main] org.apache.catalina.core.ContainerBase.[Tomcat].[localhost].[/] : Initializing Spring embedded WebApplicationContext
2023-08-08 14:34:47.582  INFO 15132 --- [main] org.springframework.boot.web.servlet.context.ServletWebServerApplicationContext : Root WebApplicationContext: initialization completed in 1259 ms
2023-08-08 14:34:48.569  INFO 15132 --- [main] org.springframework.scheduling.concurrent.ThreadPoolTaskExecutor : Initializing ExecutorService 'applicationTaskExecutor'
2023-08-08 14:34:48.768  INFO 15132 --- [main] org.springframework.boot.autoconfigure.web.servlet.WelcomePageHandlerMapping : Adding welcome page template: index
2023-08-08 14:34:49.175  INFO 15132 --- [main] org.springframework.boot.web.embedded.tomcat.TomcatWebServer : Tomcat started on port(s): 8080 (http) with context path ''
2023-08-08 14:34:49.199  INFO 15132 --- [main] com.dreamchaser.depository_manage.DepositoryManageApplication : Started DepositoryManageApplication in 3.496 seconds (JVM running for 4.124)
2023-08-08 14:34:51.004  INFO 15132 --- [http-nio-8080-exec-1] org.apache.catalina.core.ContainerBase.[Tomcat].[localhost].[/] : Initializing Spring DispatcherServlet 'dispatcherServlet'
2023-08-08 14:34:51.005  INFO 15132 --- [http-nio-8080-exec-1] org.springframework.web.servlet.DispatcherServlet : Initializing Servlet 'dispatcherServlet'
2023-08-08 14:34:51.018  INFO 15132 --- [http-nio-8080-exec-1] org.springframework.web.servlet.DispatcherServlet : Completed initialization in 13 ms
2023-08-08 14:35:01.225  INFO 15132 --- [http-nio-8080-exec-4] com.alibaba.druid.pool.DruidDataSource : {dataSource-1} inited
2023-08-08 16:32:48.969  INFO 15132 --- [SpringContextShutdownHook] org.springframework.scheduling.concurrent.ThreadPoolTaskExecutor : Shutting down ExecutorService 'applicationTaskExecutor'
2023-08-08 16:32:48.972  INFO 15132 --- [SpringContextShutdownHook] com.alibaba.druid.pool.DruidDataSource : {dataSource-1} closed
2023-08-08 18:51:18.026  INFO 23356 --- [main] com.dreamchaser.depository_manage.DepositoryManageApplication : Starting DepositoryManageApplication on LAPTOP-H19ORN5S with PID 23356 (C:\Users\Q\Desktop\副本\WlCk-master\target\classes started by Q in C:\Users\Q\Desktop\副本\WlCk-master)
2023-08-08 18:51:18.028  INFO 23356 --- [main] com.dreamchaser.depository_manage.DepositoryManageApplication : The following profiles are active: test
2023-08-08 18:51:18.851  INFO 23356 --- [main] org.springframework.boot.web.embedded.tomcat.TomcatWebServer : Tomcat initialized with port(s): 8080 (http)
2023-08-08 18:51:18.859  INFO 23356 --- [main] org.apache.catalina.core.StandardService : Starting service [Tomcat]
2023-08-08 18:51:18.860  INFO 23356 --- [main] org.apache.catalina.core.StandardEngine : Starting Servlet engine: [Apache Tomcat/9.0.41]
2023-08-08 18:51:18.934  INFO 23356 --- [main] org.apache.catalina.core.ContainerBase.[Tomcat].[localhost].[/] : Initializing Spring embedded WebApplicationContext
2023-08-08 18:51:18.935  INFO 23356 --- [main] org.springframework.boot.web.servlet.context.ServletWebServerApplicationContext : Root WebApplicationContext: initialization completed in 877 ms
2023-08-08 18:51:19.422  INFO 23356 --- [main] org.springframework.scheduling.concurrent.ThreadPoolTaskExecutor : Initializing ExecutorService 'applicationTaskExecutor'
2023-08-08 18:51:19.480  INFO 23356 --- [main] org.springframework.boot.autoconfigure.web.servlet.WelcomePageHandlerMapping : Adding welcome page template: index
2023-08-08 18:51:19.611  INFO 23356 --- [main] org.springframework.boot.web.embedded.tomcat.TomcatWebServer : Tomcat started on port(s): 8080 (http) with context path ''
2023-08-08 18:51:19.618  INFO 23356 --- [main] com.dreamchaser.depository_manage.DepositoryManageApplication : Started DepositoryManageApplication in 1.942 seconds (JVM running for 2.382)
2023-08-08 18:51:31.438  INFO 23356 --- [http-nio-8080-exec-1] org.apache.catalina.core.ContainerBase.[Tomcat].[localhost].[/] : Initializing Spring DispatcherServlet 'dispatcherServlet'
2023-08-08 18:51:31.438  INFO 23356 --- [http-nio-8080-exec-1] org.springframework.web.servlet.DispatcherServlet : Initializing Servlet 'dispatcherServlet'
2023-08-08 18:51:31.442  INFO 23356 --- [http-nio-8080-exec-1] org.springframework.web.servlet.DispatcherServlet : Completed initialization in 4 ms
2023-08-08 18:51:33.175  INFO 23356 --- [http-nio-8080-exec-8] com.alibaba.druid.pool.DruidDataSource : {dataSource-1} inited
2023-08-08 20:53:30.004  INFO 23356 --- [SpringContextShutdownHook] org.springframework.scheduling.concurrent.ThreadPoolTaskExecutor : Shutting down ExecutorService 'applicationTaskExecutor'
2023-08-08 20:53:30.008  INFO 23356 --- [SpringContextShutdownHook] com.alibaba.druid.pool.DruidDataSource : {dataSource-1} closed
2023-08-08 20:53:32.535  INFO 12220 --- [main] com.dreamchaser.depository_manage.DepositoryManageApplication : Starting DepositoryManageApplication on LAPTOP-H19ORN5S with PID 12220 (C:\Users\Q\Desktop\副本\WlCk-master\target\classes started by Q in C:\Users\Q\Desktop\副本\WlCk-master)
2023-08-08 20:53:32.537  INFO 12220 --- [main] com.dreamchaser.depository_manage.DepositoryManageApplication : The following profiles are active: test
2023-08-08 20:53:33.253  INFO 12220 --- [main] org.springframework.boot.web.embedded.tomcat.TomcatWebServer : Tomcat initialized with port(s): 8080 (http)
2023-08-08 20:53:33.260  INFO 12220 --- [main] org.apache.catalina.core.StandardService : Starting service [Tomcat]
2023-08-08 20:53:33.260  INFO 12220 --- [main] org.apache.catalina.core.StandardEngine : Starting Servlet engine: [Apache Tomcat/9.0.41]
2023-08-08 20:53:33.331  INFO 12220 --- [main] org.apache.catalina.core.ContainerBase.[Tomcat].[localhost].[/] : Initializing Spring embedded WebApplicationContext
2023-08-08 20:53:33.332  INFO 12220 --- [main] org.springframework.boot.web.servlet.context.ServletWebServerApplicationContext : Root WebApplicationContext: initialization completed in 767 ms
2023-08-08 20:53:33.741  INFO 12220 --- [main] org.springframework.scheduling.concurrent.ThreadPoolTaskExecutor : Initializing ExecutorService 'applicationTaskExecutor'
2023-08-08 20:53:33.791  INFO 12220 --- [main] org.springframework.boot.autoconfigure.web.servlet.WelcomePageHandlerMapping : Adding welcome page template: index
2023-08-08 20:53:33.911  INFO 12220 --- [main] org.springframework.boot.web.embedded.tomcat.TomcatWebServer : Tomcat started on port(s): 8080 (http) with context path ''
2023-08-08 20:53:33.918  INFO 12220 --- [main] com.dreamchaser.depository_manage.DepositoryManageApplication : Started DepositoryManageApplication in 1.698 seconds (JVM running for 2.075)
2023-08-08 20:54:03.395  INFO 12220 --- [SpringContextShutdownHook] org.springframework.scheduling.concurrent.ThreadPoolTaskExecutor : Shutting down ExecutorService 'applicationTaskExecutor'
2023-08-08 20:54:05.356  INFO 15676 --- [main] com.dreamchaser.depository_manage.DepositoryManageApplication : Starting DepositoryManageApplication on LAPTOP-H19ORN5S with PID 15676 (C:\Users\Q\Desktop\副本\WlCk-master\target\classes started by Q in C:\Users\Q\Desktop\副本\WlCk-master)
2023-08-08 20:54:05.358  INFO 15676 --- [main] com.dreamchaser.depository_manage.DepositoryManageApplication : The following profiles are active: test
2023-08-08 20:54:06.066  INFO 15676 --- [main] org.springframework.boot.web.embedded.tomcat.TomcatWebServer : Tomcat initialized with port(s): 8080 (http)
2023-08-08 20:54:06.072  INFO 15676 --- [main] org.apache.catalina.core.StandardService : Starting service [Tomcat]
2023-08-08 20:54:06.073  INFO 15676 --- [main] org.apache.catalina.core.StandardEngine : Starting Servlet engine: [Apache Tomcat/9.0.41]
2023-08-08 20:54:06.150  INFO 15676 --- [main] org.apache.catalina.core.ContainerBase.[Tomcat].[localhost].[/] : Initializing Spring embedded WebApplicationContext
2023-08-08 20:54:06.151  INFO 15676 --- [main] org.springframework.boot.web.servlet.context.ServletWebServerApplicationContext : Root WebApplicationContext: initialization completed in 768 ms
2023-08-08 20:54:06.542  INFO 15676 --- [main] org.springframework.scheduling.concurrent.ThreadPoolTaskExecutor : Initializing ExecutorService 'applicationTaskExecutor'
2023-08-08 20:54:06.593  INFO 15676 --- [main] org.springframework.boot.autoconfigure.web.servlet.WelcomePageHandlerMapping : Adding welcome page template: index
2023-08-08 20:54:06.705  INFO 15676 --- [main] org.springframework.boot.web.embedded.tomcat.TomcatWebServer : Tomcat started on port(s): 8080 (http) with context path ''
2023-08-08 20:54:06.712  INFO 15676 --- [main] com.dreamchaser.depository_manage.DepositoryManageApplication : Started DepositoryManageApplication in 1.68 seconds (JVM running for 2.115)
2023-08-08 20:54:11.840  INFO 15676 --- [http-nio-8080-exec-1] org.apache.catalina.core.ContainerBase.[Tomcat].[localhost].[/] : Initializing Spring DispatcherServlet 'dispatcherServlet'
2023-08-08 20:54:11.840  INFO 15676 --- [http-nio-8080-exec-1] org.springframework.web.servlet.DispatcherServlet : Initializing Servlet 'dispatcherServlet'
2023-08-08 20:54:11.844  INFO 15676 --- [http-nio-8080-exec-1] org.springframework.web.servlet.DispatcherServlet : Completed initialization in 4 ms
2023-08-08 20:54:12.881  INFO 15676 --- [http-nio-8080-exec-3] com.alibaba.druid.pool.DruidDataSource : {dataSource-1} inited
2023-08-08 21:13:34.557  INFO 15676 --- [SpringContextShutdownHook] org.springframework.scheduling.concurrent.ThreadPoolTaskExecutor : Shutting down ExecutorService 'applicationTaskExecutor'
2023-08-08 21:13:34.560  INFO 15676 --- [SpringContextShutdownHook] com.alibaba.druid.pool.DruidDataSource : {dataSource-1} closed
2023-08-08 21:13:36.584  INFO 5364 --- [main] com.dreamchaser.depository_manage.DepositoryManageApplication : Starting DepositoryManageApplication on LAPTOP-H19ORN5S with PID 5364 (C:\Users\Q\Desktop\副本\WlCk-master\target\classes started by Q in C:\Users\Q\Desktop\副本\WlCk-master)
2023-08-08 21:13:36.586  INFO 5364 --- [main] com.dreamchaser.depository_manage.DepositoryManageApplication : The following profiles are active: test
2023-08-08 21:13:37.280  INFO 5364 --- [main] org.springframework.boot.web.embedded.tomcat.TomcatWebServer : Tomcat initialized with port(s): 8080 (http)
2023-08-08 21:13:37.287  INFO 5364 --- [main] org.apache.catalina.core.StandardService : Starting service [Tomcat]
2023-08-08 21:13:37.287  INFO 5364 --- [main] org.apache.catalina.core.StandardEngine : Starting Servlet engine: [Apache Tomcat/9.0.41]
2023-08-08 21:13:37.363  INFO 5364 --- [main] org.apache.catalina.core.ContainerBase.[Tomcat].[localhost].[/] : Initializing Spring embedded WebApplicationContext
2023-08-08 21:13:37.363  INFO 5364 --- [main] org.springframework.boot.web.servlet.context.ServletWebServerApplicationContext : Root WebApplicationContext: initialization completed in 752 ms
2023-08-08 21:13:37.769  INFO 5364 --- [main] org.springframework.scheduling.concurrent.ThreadPoolTaskExecutor : Initializing ExecutorService 'applicationTaskExecutor'
2023-08-08 21:13:37.817  INFO 5364 --- [main] org.springframework.boot.autoconfigure.web.servlet.WelcomePageHandlerMapping : Adding welcome page template: index
2023-08-08 21:13:37.927  INFO 5364 --- [main] org.springframework.boot.web.embedded.tomcat.TomcatWebServer : Tomcat started on port(s): 8080 (http) with context path ''
2023-08-08 21:13:37.933  INFO 5364 --- [main] com.dreamchaser.depository_manage.DepositoryManageApplication : Started DepositoryManageApplication in 1.661 seconds (JVM running for 2.168)
2023-08-08 21:13:46.752  INFO 5364 --- [http-nio-8080-exec-1] org.apache.catalina.core.ContainerBase.[Tomcat].[localhost].[/] : Initializing Spring DispatcherServlet 'dispatcherServlet'
2023-08-08 21:13:46.753  INFO 5364 --- [http-nio-8080-exec-1] org.springframework.web.servlet.DispatcherServlet : Initializing Servlet 'dispatcherServlet'
2023-08-08 21:13:46.756  INFO 5364 --- [http-nio-8080-exec-1] org.springframework.web.servlet.DispatcherServlet : Completed initialization in 3 ms
2023-08-08 21:13:47.808  INFO 5364 --- [http-nio-8080-exec-2] com.alibaba.druid.pool.DruidDataSource : {dataSource-1} inited
2023-08-08 21:16:02.793  INFO 5364 --- [SpringContextShutdownHook] org.springframework.scheduling.concurrent.ThreadPoolTaskExecutor : Shutting down ExecutorService 'applicationTaskExecutor'
2023-08-08 21:16:02.796  INFO 5364 --- [SpringContextShutdownHook] com.alibaba.druid.pool.DruidDataSource : {dataSource-1} closed
2023-08-08 21:16:04.752  INFO 4884 --- [main] com.dreamchaser.depository_manage.DepositoryManageApplication : Starting DepositoryManageApplication on LAPTOP-H19ORN5S with PID 4884 (C:\Users\Q\Desktop\副本\WlCk-master\target\classes started by Q in C:\Users\Q\Desktop\副本\WlCk-master)
2023-08-08 21:16:04.754  INFO 4884 --- [main] com.dreamchaser.depository_manage.DepositoryManageApplication : The following profiles are active: test
2023-08-08 21:16:05.447  INFO 4884 --- [main] org.springframework.boot.web.embedded.tomcat.TomcatWebServer : Tomcat initialized with port(s): 8080 (http)
2023-08-08 21:16:05.453  INFO 4884 --- [main] org.apache.catalina.core.StandardService : Starting service [Tomcat]
2023-08-08 21:16:05.454  INFO 4884 --- [main] org.apache.catalina.core.StandardEngine : Starting Servlet engine: [Apache Tomcat/9.0.41]
2023-08-08 21:16:05.529  INFO 4884 --- [main] org.apache.catalina.core.ContainerBase.[Tomcat].[localhost].[/] : Initializing Spring embedded WebApplicationContext
2023-08-08 21:16:05.529  INFO 4884 --- [main] org.springframework.boot.web.servlet.context.ServletWebServerApplicationContext : Root WebApplicationContext: initialization completed in 750 ms
2023-08-08 21:16:05.925  INFO 4884 --- [main] org.springframework.scheduling.concurrent.ThreadPoolTaskExecutor : Initializing ExecutorService 'applicationTaskExecutor'
2023-08-08 21:16:05.974  INFO 4884 --- [main] org.springframework.boot.autoconfigure.web.servlet.WelcomePageHandlerMapping : Adding welcome page template: index
2023-08-08 21:16:06.084  INFO 4884 --- [main] org.springframework.boot.web.embedded.tomcat.TomcatWebServer : Tomcat started on port(s): 8080 (http) with context path ''
2023-08-08 21:16:06.090  INFO 4884 --- [main] com.dreamchaser.depository_manage.DepositoryManageApplication : Started DepositoryManageApplication in 1.654 seconds (JVM running for 2.173)
2023-08-08 21:16:08.370  INFO 4884 --- [http-nio-8080-exec-1] org.apache.catalina.core.ContainerBase.[Tomcat].[localhost].[/] : Initializing Spring DispatcherServlet 'dispatcherServlet'
2023-08-08 21:16:08.370  INFO 4884 --- [http-nio-8080-exec-1] org.springframework.web.servlet.DispatcherServlet : Initializing Servlet 'dispatcherServlet'
2023-08-08 21:16:08.374  INFO 4884 --- [http-nio-8080-exec-1] org.springframework.web.servlet.DispatcherServlet : Completed initialization in 4 ms
2023-08-08 21:16:09.332  INFO 4884 --- [http-nio-8080-exec-3] com.alibaba.druid.pool.DruidDataSource : {dataSource-1} inited
2023-08-08 21:20:22.564  INFO 4884 --- [SpringContextShutdownHook] org.springframework.scheduling.concurrent.ThreadPoolTaskExecutor : Shutting down ExecutorService 'applicationTaskExecutor'
2023-08-08 21:20:22.567  INFO 4884 --- [SpringContextShutdownHook] com.alibaba.druid.pool.DruidDataSource : {dataSource-1} closed
2023-08-08 21:20:24.460  INFO 24748 --- [main] com.dreamchaser.depository_manage.DepositoryManageApplication : Starting DepositoryManageApplication on LAPTOP-H19ORN5S with PID 24748 (C:\Users\Q\Desktop\副本\WlCk-master\target\classes started by Q in C:\Users\Q\Desktop\副本\WlCk-master)
2023-08-08 21:20:24.463  INFO 24748 --- [main] com.dreamchaser.depository_manage.DepositoryManageApplication : The following profiles are active: test
2023-08-08 21:20:25.156  INFO 24748 --- [main] org.springframework.boot.web.embedded.tomcat.TomcatWebServer : Tomcat initialized with port(s): 8080 (http)
2023-08-08 21:20:25.163  INFO 24748 --- [main] org.apache.catalina.core.StandardService : Starting service [Tomcat]
2023-08-08 21:20:25.163  INFO 24748 --- [main] org.apache.catalina.core.StandardEngine : Starting Servlet engine: [Apache Tomcat/9.0.41]
2023-08-08 21:20:25.241  INFO 24748 --- [main] org.apache.catalina.core.ContainerBase.[Tomcat].[localhost].[/] : Initializing Spring embedded WebApplicationContext
2023-08-08 21:20:25.241  INFO 24748 --- [main] org.springframework.boot.web.servlet.context.ServletWebServerApplicationContext : Root WebApplicationContext: initialization completed in 754 ms
2023-08-08 21:20:25.638  INFO 24748 --- [main] org.springframework.scheduling.concurrent.ThreadPoolTaskExecutor : Initializing ExecutorService 'applicationTaskExecutor'
2023-08-08 21:20:25.688  INFO 24748 --- [main] org.springframework.boot.autoconfigure.web.servlet.WelcomePageHandlerMapping : Adding welcome page template: index
2023-08-08 21:20:25.801  INFO 24748 --- [main] org.springframework.boot.web.embedded.tomcat.TomcatWebServer : Tomcat started on port(s): 8080 (http) with context path ''
2023-08-08 21:20:25.808  INFO 24748 --- [main] com.dreamchaser.depository_manage.DepositoryManageApplication : Started DepositoryManageApplication in 1.661 seconds (JVM running for 2.152)
2023-08-08 21:20:30.385  INFO 24748 --- [http-nio-8080-exec-1] org.apache.catalina.core.ContainerBase.[Tomcat].[localhost].[/] : Initializing Spring DispatcherServlet 'dispatcherServlet'
2023-08-08 21:20:30.385  INFO 24748 --- [http-nio-8080-exec-1] org.springframework.web.servlet.DispatcherServlet : Initializing Servlet 'dispatcherServlet'
2023-08-08 21:20:30.388  INFO 24748 --- [http-nio-8080-exec-1] org.springframework.web.servlet.DispatcherServlet : Completed initialization in 3 ms
2023-08-08 21:20:31.314  INFO 24748 --- [http-nio-8080-exec-2] com.alibaba.druid.pool.DruidDataSource : {dataSource-1} inited
2023-08-08 21:25:13.623  INFO 24748 --- [SpringContextShutdownHook] org.springframework.scheduling.concurrent.ThreadPoolTaskExecutor : Shutting down ExecutorService 'applicationTaskExecutor'
2023-08-08 21:25:13.626  INFO 24748 --- [SpringContextShutdownHook] com.alibaba.druid.pool.DruidDataSource : {dataSource-1} closed
2023-08-08 21:25:15.593  INFO 14760 --- [main] com.dreamchaser.depository_manage.DepositoryManageApplication : Starting DepositoryManageApplication on LAPTOP-H19ORN5S with PID 14760 (C:\Users\Q\Desktop\副本\WlCk-master\target\classes started by Q in C:\Users\Q\Desktop\副本\WlCk-master)
2023-08-08 21:25:15.595  INFO 14760 --- [main] com.dreamchaser.depository_manage.DepositoryManageApplication : The following profiles are active: test
2023-08-08 21:25:16.293  INFO 14760 --- [main] org.springframework.boot.web.embedded.tomcat.TomcatWebServer : Tomcat initialized with port(s): 8080 (http)
2023-08-08 21:25:16.300  INFO 14760 --- [main] org.apache.catalina.core.StandardService : Starting service [Tomcat]
2023-08-08 21:25:16.300  INFO 14760 --- [main] org.apache.catalina.core.StandardEngine : Starting Servlet engine: [Apache Tomcat/9.0.41]
2023-08-08 21:25:16.378  INFO 14760 --- [main] org.apache.catalina.core.ContainerBase.[Tomcat].[localhost].[/] : Initializing Spring embedded WebApplicationContext
2023-08-08 21:25:16.379  INFO 14760 --- [main] org.springframework.boot.web.servlet.context.ServletWebServerApplicationContext : Root WebApplicationContext: initialization completed in 758 ms
2023-08-08 21:25:16.774  INFO 14760 --- [main] org.springframework.scheduling.concurrent.ThreadPoolTaskExecutor : Initializing ExecutorService 'applicationTaskExecutor'
2023-08-08 21:25:16.824  INFO 14760 --- [main] org.springframework.boot.autoconfigure.web.servlet.WelcomePageHandlerMapping : Adding welcome page template: index
2023-08-08 21:25:16.934  INFO 14760 --- [main] org.springframework.boot.web.embedded.tomcat.TomcatWebServer : Tomcat started on port(s): 8080 (http) with context path ''
2023-08-08 21:25:16.941  INFO 14760 --- [main] com.dreamchaser.depository_manage.DepositoryManageApplication : Started DepositoryManageApplication in 1.652 seconds (JVM running for 2.089)
2023-08-08 21:25:19.301  INFO 14760 --- [http-nio-8080-exec-1] org.apache.catalina.core.ContainerBase.[Tomcat].[localhost].[/] : Initializing Spring DispatcherServlet 'dispatcherServlet'
2023-08-08 21:25:19.302  INFO 14760 --- [http-nio-8080-exec-1] org.springframework.web.servlet.DispatcherServlet : Initializing Servlet 'dispatcherServlet'
2023-08-08 21:25:19.305  INFO 14760 --- [http-nio-8080-exec-1] org.springframework.web.servlet.DispatcherServlet : Completed initialization in 3 ms
2023-08-08 21:25:20.177  INFO 14760 --- [http-nio-8080-exec-3] com.alibaba.druid.pool.DruidDataSource : {dataSource-1} inited
2023-08-08 21:28:27.757  INFO 14760 --- [SpringContextShutdownHook] org.springframework.scheduling.concurrent.ThreadPoolTaskExecutor : Shutting down ExecutorService 'applicationTaskExecutor'
2023-08-08 21:28:27.759  INFO 14760 --- [SpringContextShutdownHook] com.alibaba.druid.pool.DruidDataSource : {dataSource-1} closed
2023-08-08 21:28:29.687  INFO 364 --- [main] com.dreamchaser.depository_manage.DepositoryManageApplication : Starting DepositoryManageApplication on LAPTOP-H19ORN5S with PID 364 (C:\Users\Q\Desktop\副本\WlCk-master\target\classes started by Q in C:\Users\Q\Desktop\副本\WlCk-master)
2023-08-08 21:28:29.689  INFO 364 --- [main] com.dreamchaser.depository_manage.DepositoryManageApplication : The following profiles are active: test
2023-08-08 21:28:30.380  INFO 364 --- [main] org.springframework.boot.web.embedded.tomcat.TomcatWebServer : Tomcat initialized with port(s): 8080 (http)
2023-08-08 21:28:30.387  INFO 364 --- [main] org.apache.catalina.core.StandardService : Starting service [Tomcat]
2023-08-08 21:28:30.388  INFO 364 --- [main] org.apache.catalina.core.StandardEngine : Starting Servlet engine: [Apache Tomcat/9.0.41]
2023-08-08 21:28:30.465  INFO 364 --- [main] org.apache.catalina.core.ContainerBase.[Tomcat].[localhost].[/] : Initializing Spring embedded WebApplicationContext
2023-08-08 21:28:30.465  INFO 364 --- [main] org.springframework.boot.web.servlet.context.ServletWebServerApplicationContext : Root WebApplicationContext: initialization completed in 751 ms
2023-08-08 21:28:30.863  INFO 364 --- [main] org.springframework.scheduling.concurrent.ThreadPoolTaskExecutor : Initializing ExecutorService 'applicationTaskExecutor'
2023-08-08 21:28:30.912  INFO 364 --- [main] org.springframework.boot.autoconfigure.web.servlet.WelcomePageHandlerMapping : Adding welcome page template: index
2023-08-08 21:28:31.024  INFO 364 --- [main] org.springframework.boot.web.embedded.tomcat.TomcatWebServer : Tomcat started on port(s): 8080 (http) with context path ''
2023-08-08 21:28:31.030  INFO 364 --- [main] com.dreamchaser.depository_manage.DepositoryManageApplication : Started DepositoryManageApplication in 1.652 seconds (JVM running for 2.09)
2023-08-08 21:28:34.244  INFO 364 --- [http-nio-8080-exec-1] org.apache.catalina.core.ContainerBase.[Tomcat].[localhost].[/] : Initializing Spring DispatcherServlet 'dispatcherServlet'
2023-08-08 21:28:34.245  INFO 364 --- [http-nio-8080-exec-1] org.springframework.web.servlet.DispatcherServlet : Initializing Servlet 'dispatcherServlet'
2023-08-08 21:28:34.248  INFO 364 --- [http-nio-8080-exec-1] org.springframework.web.servlet.DispatcherServlet : Completed initialization in 3 ms
2023-08-08 21:28:35.244  INFO 364 --- [http-nio-8080-exec-4] com.alibaba.druid.pool.DruidDataSource : {dataSource-1} inited
2023-08-08 21:34:23.832  INFO 364 --- [SpringContextShutdownHook] org.springframework.scheduling.concurrent.ThreadPoolTaskExecutor : Shutting down ExecutorService 'applicationTaskExecutor'
2023-08-08 21:34:23.835  INFO 364 --- [SpringContextShutdownHook] com.alibaba.druid.pool.DruidDataSource : {dataSource-1} closed
2023-08-08 21:34:25.796  INFO 4968 --- [main] com.dreamchaser.depository_manage.DepositoryManageApplication : Starting DepositoryManageApplication on LAPTOP-H19ORN5S with PID 4968 (C:\Users\Q\Desktop\副本\WlCk-master\target\classes started by Q in C:\Users\Q\Desktop\副本\WlCk-master)
2023-08-08 21:34:25.798  INFO 4968 --- [main] com.dreamchaser.depository_manage.DepositoryManageApplication : The following profiles are active: test
2023-08-08 21:34:26.495  INFO 4968 --- [main] org.springframework.boot.web.embedded.tomcat.TomcatWebServer : Tomcat initialized with port(s): 8080 (http)
2023-08-08 21:34:26.502  INFO 4968 --- [main] org.apache.catalina.core.StandardService : Starting service [Tomcat]
2023-08-08 21:34:26.502  INFO 4968 --- [main] org.apache.catalina.core.StandardEngine : Starting Servlet engine: [Apache Tomcat/9.0.41]
2023-08-08 21:34:26.579  INFO 4968 --- [main] org.apache.catalina.core.ContainerBase.[Tomcat].[localhost].[/] : Initializing Spring embedded WebApplicationContext
2023-08-08 21:34:26.579  INFO 4968 --- [main] org.springframework.boot.web.servlet.context.ServletWebServerApplicationContext : Root WebApplicationContext: initialization completed in 756 ms
2023-08-08 21:34:26.966  INFO 4968 --- [main] org.springframework.scheduling.concurrent.ThreadPoolTaskExecutor : Initializing ExecutorService 'applicationTaskExecutor'
2023-08-08 21:34:27.017  INFO 4968 --- [main] org.springframework.boot.autoconfigure.web.servlet.WelcomePageHandlerMapping : Adding welcome page template: index
2023-08-08 21:34:27.131  INFO 4968 --- [main] org.springframework.boot.web.embedded.tomcat.TomcatWebServer : Tomcat started on port(s): 8080 (http) with context path ''
2023-08-08 21:34:27.138  INFO 4968 --- [main] com.dreamchaser.depository_manage.DepositoryManageApplication : Started DepositoryManageApplication in 1.648 seconds (JVM running for 2.104)
2023-08-08 21:34:30.757  INFO 4968 --- [http-nio-8080-exec-1] org.apache.catalina.core.ContainerBase.[Tomcat].[localhost].[/] : Initializing Spring DispatcherServlet 'dispatcherServlet'
2023-08-08 21:34:30.758  INFO 4968 --- [http-nio-8080-exec-1] org.springframework.web.servlet.DispatcherServlet : Initializing Servlet 'dispatcherServlet'
2023-08-08 21:34:30.761  INFO 4968 --- [http-nio-8080-exec-1] org.springframework.web.servlet.DispatcherServlet : Completed initialization in 3 ms
2023-08-08 21:34:31.830  INFO 4968 --- [http-nio-8080-exec-3] com.alibaba.druid.pool.DruidDataSource : {dataSource-1} inited
2023-08-08 21:35:53.959  INFO 4968 --- [SpringContextShutdownHook] org.springframework.scheduling.concurrent.ThreadPoolTaskExecutor : Shutting down ExecutorService 'applicationTaskExecutor'
2023-08-08 21:35:53.962  INFO 4968 --- [SpringContextShutdownHook] com.alibaba.druid.pool.DruidDataSource : {dataSource-1} closed
2023-08-08 21:35:55.833  INFO 2660 --- [main] com.dreamchaser.depository_manage.DepositoryManageApplication : Starting DepositoryManageApplication on LAPTOP-H19ORN5S with PID 2660 (C:\Users\Q\Desktop\副本\WlCk-master\target\classes started by Q in C:\Users\Q\Desktop\副本\WlCk-master)
2023-08-08 21:35:55.835  INFO 2660 --- [main] com.dreamchaser.depository_manage.DepositoryManageApplication : The following profiles are active: test
2023-08-08 21:35:56.532  INFO 2660 --- [main] org.springframework.boot.web.embedded.tomcat.TomcatWebServer : Tomcat initialized with port(s): 8080 (http)
2023-08-08 21:35:56.539  INFO 2660 --- [main] org.apache.catalina.core.StandardService : Starting service [Tomcat]
2023-08-08 21:35:56.539  INFO 2660 --- [main] org.apache.catalina.core.StandardEngine : Starting Servlet engine: [Apache Tomcat/9.0.41]
2023-08-08 21:35:56.615  INFO 2660 --- [main] org.apache.catalina.core.ContainerBase.[Tomcat].[localhost].[/] : Initializing Spring embedded WebApplicationContext
2023-08-08 21:35:56.615  INFO 2660 --- [main] org.springframework.boot.web.servlet.context.ServletWebServerApplicationContext : Root WebApplicationContext: initialization completed in 755 ms
2023-08-08 21:35:57.002  INFO 2660 --- [main] org.springframework.scheduling.concurrent.ThreadPoolTaskExecutor : Initializing ExecutorService 'applicationTaskExecutor'
2023-08-08 21:35:57.052  INFO 2660 --- [main] org.springframework.boot.autoconfigure.web.servlet.WelcomePageHandlerMapping : Adding welcome page template: index
2023-08-08 21:35:57.164  INFO 2660 --- [main] org.springframework.boot.web.embedded.tomcat.TomcatWebServer : Tomcat started on port(s): 8080 (http) with context path ''
2023-08-08 21:35:57.170  INFO 2660 --- [main] com.dreamchaser.depository_manage.DepositoryManageApplication : Started DepositoryManageApplication in 1.643 seconds (JVM running for 2.056)
2023-08-08 21:36:00.394  INFO 2660 --- [http-nio-8080-exec-1] org.apache.catalina.core.ContainerBase.[Tomcat].[localhost].[/] : Initializing Spring DispatcherServlet 'dispatcherServlet'
2023-08-08 21:36:00.394  INFO 2660 --- [http-nio-8080-exec-1] org.springframework.web.servlet.DispatcherServlet : Initializing Servlet 'dispatcherServlet'
2023-08-08 21:36:00.398  INFO 2660 --- [http-nio-8080-exec-1] org.springframework.web.servlet.DispatcherServlet : Completed initialization in 4 ms
2023-08-08 21:36:01.300  INFO 2660 --- [http-nio-8080-exec-3] com.alibaba.druid.pool.DruidDataSource : {dataSource-1} inited
2023-08-08 21:38:41.490  INFO 2660 --- [SpringContextShutdownHook] org.springframework.scheduling.concurrent.ThreadPoolTaskExecutor : Shutting down ExecutorService 'applicationTaskExecutor'
2023-08-08 21:38:41.493  INFO 2660 --- [SpringContextShutdownHook] com.alibaba.druid.pool.DruidDataSource : {dataSource-1} closed
2023-08-08 21:38:43.320  INFO 19424 --- [main] com.dreamchaser.depository_manage.DepositoryManageApplication : Starting DepositoryManageApplication on LAPTOP-H19ORN5S with PID 19424 (C:\Users\Q\Desktop\副本\WlCk-master\target\classes started by Q in C:\Users\Q\Desktop\副本\WlCk-master)
2023-08-08 21:38:43.322  INFO 19424 --- [main] com.dreamchaser.depository_manage.DepositoryManageApplication : The following profiles are active: test
2023-08-08 21:38:44.016  INFO 19424 --- [main] org.springframework.boot.web.embedded.tomcat.TomcatWebServer : Tomcat initialized with port(s): 8080 (http)
2023-08-08 21:38:44.023  INFO 19424 --- [main] org.apache.catalina.core.StandardService : Starting service [Tomcat]
2023-08-08 21:38:44.023  INFO 19424 --- [main] org.apache.catalina.core.StandardEngine : Starting Servlet engine: [Apache Tomcat/9.0.41]
2023-08-08 21:38:44.099  INFO 19424 --- [main] org.apache.catalina.core.ContainerBase.[Tomcat].[localhost].[/] : Initializing Spring embedded WebApplicationContext
2023-08-08 21:38:44.100  INFO 19424 --- [main] org.springframework.boot.web.servlet.context.ServletWebServerApplicationContext : Root WebApplicationContext: initialization completed in 752 ms
2023-08-08 21:38:44.496  INFO 19424 --- [main] org.springframework.scheduling.concurrent.ThreadPoolTaskExecutor : Initializing ExecutorService 'applicationTaskExecutor'
2023-08-08 21:38:44.546  INFO 19424 --- [main] org.springframework.boot.autoconfigure.web.servlet.WelcomePageHandlerMapping : Adding welcome page template: index
2023-08-08 21:38:44.657  INFO 19424 --- [main] org.springframework.boot.web.embedded.tomcat.TomcatWebServer : Tomcat started on port(s): 8080 (http) with context path ''
2023-08-08 21:38:44.663  INFO 19424 --- [main] com.dreamchaser.depository_manage.DepositoryManageApplication : Started DepositoryManageApplication in 1.653 seconds (JVM running for 2.068)
2023-08-08 21:38:48.394  INFO 19424 --- [http-nio-8080-exec-1] org.apache.catalina.core.ContainerBase.[Tomcat].[localhost].[/] : Initializing Spring DispatcherServlet 'dispatcherServlet'
2023-08-08 21:38:48.394  INFO 19424 --- [http-nio-8080-exec-1] org.springframework.web.servlet.DispatcherServlet : Initializing Servlet 'dispatcherServlet'
2023-08-08 21:38:48.398  INFO 19424 --- [http-nio-8080-exec-1] org.springframework.web.servlet.DispatcherServlet : Completed initialization in 4 ms
2023-08-08 21:38:49.673  INFO 19424 --- [http-nio-8080-exec-3] com.alibaba.druid.pool.DruidDataSource : {dataSource-1} inited
2023-08-08 21:47:12.361  INFO 19424 --- [SpringContextShutdownHook] org.springframework.scheduling.concurrent.ThreadPoolTaskExecutor : Shutting down ExecutorService 'applicationTaskExecutor'
2023-08-08 21:47:12.364  INFO 19424 --- [SpringContextShutdownHook] com.alibaba.druid.pool.DruidDataSource : {dataSource-1} closed
2023-08-08 21:47:14.249  INFO 12064 --- [main] com.dreamchaser.depository_manage.DepositoryManageApplication : Starting DepositoryManageApplication on LAPTOP-H19ORN5S with PID 12064 (C:\Users\Q\Desktop\副本\WlCk-master\target\classes started by Q in C:\Users\Q\Desktop\副本\WlCk-master)
2023-08-08 21:47:14.251  INFO 12064 --- [main] com.dreamchaser.depository_manage.DepositoryManageApplication : The following profiles are active: test
2023-08-08 21:47:14.942  INFO 12064 --- [main] org.springframework.boot.web.embedded.tomcat.TomcatWebServer : Tomcat initialized with port(s): 8080 (http)
2023-08-08 21:47:14.949  INFO 12064 --- [main] org.apache.catalina.core.StandardService : Starting service [Tomcat]
2023-08-08 21:47:14.949  INFO 12064 --- [main] org.apache.catalina.core.StandardEngine : Starting Servlet engine: [Apache Tomcat/9.0.41]
2023-08-08 21:47:15.026  INFO 12064 --- [main] org.apache.catalina.core.ContainerBase.[Tomcat].[localhost].[/] : Initializing Spring embedded WebApplicationContext
2023-08-08 21:47:15.026  INFO 12064 --- [main] org.springframework.boot.web.servlet.context.ServletWebServerApplicationContext : Root WebApplicationContext: initialization completed in 750 ms
2023-08-08 21:47:15.414  INFO 12064 --- [main] org.springframework.scheduling.concurrent.ThreadPoolTaskExecutor : Initializing ExecutorService 'applicationTaskExecutor'
2023-08-08 21:47:15.463  INFO 12064 --- [main] org.springframework.boot.autoconfigure.web.servlet.WelcomePageHandlerMapping : Adding welcome page template: index
2023-08-08 21:47:15.574  INFO 12064 --- [main] org.springframework.boot.web.embedded.tomcat.TomcatWebServer : Tomcat started on port(s): 8080 (http) with context path ''
2023-08-08 21:47:15.580  INFO 12064 --- [main] com.dreamchaser.depository_manage.DepositoryManageApplication : Started DepositoryManageApplication in 1.636 seconds (JVM running for 2.045)
2023-08-08 21:47:18.898  INFO 12064 --- [http-nio-8080-exec-1] org.apache.catalina.core.ContainerBase.[Tomcat].[localhost].[/] : Initializing Spring DispatcherServlet 'dispatcherServlet'
2023-08-08 21:47:18.899  INFO 12064 --- [http-nio-8080-exec-1] org.springframework.web.servlet.DispatcherServlet : Initializing Servlet 'dispatcherServlet'
2023-08-08 21:47:18.902  INFO 12064 --- [http-nio-8080-exec-1] org.springframework.web.servlet.DispatcherServlet : Completed initialization in 3 ms
2023-08-08 21:47:19.815  INFO 12064 --- [http-nio-8080-exec-3] com.alibaba.druid.pool.DruidDataSource : {dataSource-1} inited
2023-08-08 21:49:46.154  INFO 12064 --- [SpringContextShutdownHook] org.springframework.scheduling.concurrent.ThreadPoolTaskExecutor : Shutting down ExecutorService 'applicationTaskExecutor'
2023-08-08 21:49:46.157  INFO 12064 --- [SpringContextShutdownHook] com.alibaba.druid.pool.DruidDataSource : {dataSource-1} closed
2023-08-08 21:49:48.094  INFO 16676 --- [main] com.dreamchaser.depository_manage.DepositoryManageApplication : Starting DepositoryManageApplication on LAPTOP-H19ORN5S with PID 16676 (C:\Users\Q\Desktop\副本\WlCk-master\target\classes started by Q in C:\Users\Q\Desktop\副本\WlCk-master)
2023-08-08 21:49:48.097  INFO 16676 --- [main] com.dreamchaser.depository_manage.DepositoryManageApplication : The following profiles are active: test
2023-08-08 21:49:48.793  INFO 16676 --- [main] org.springframework.boot.web.embedded.tomcat.TomcatWebServer : Tomcat initialized with port(s): 8080 (http)
2023-08-08 21:49:48.800  INFO 16676 --- [main] org.apache.catalina.core.StandardService : Starting service [Tomcat]
2023-08-08 21:49:48.800  INFO 16676 --- [main] org.apache.catalina.core.StandardEngine : Starting Servlet engine: [Apache Tomcat/9.0.41]
2023-08-08 21:49:48.878  INFO 16676 --- [main] org.apache.catalina.core.ContainerBase.[Tomcat].[localhost].[/] : Initializing Spring embedded WebApplicationContext
2023-08-08 21:49:48.878  INFO 16676 --- [main] org.springframework.boot.web.servlet.context.ServletWebServerApplicationContext : Root WebApplicationContext: initialization completed in 757 ms
2023-08-08 21:49:49.278  INFO 16676 --- [main] org.springframework.scheduling.concurrent.ThreadPoolTaskExecutor : Initializing ExecutorService 'applicationTaskExecutor'
2023-08-08 21:49:49.328  INFO 16676 --- [main] org.springframework.boot.autoconfigure.web.servlet.WelcomePageHandlerMapping : Adding welcome page template: index
2023-08-08 21:49:49.438  INFO 16676 --- [main] org.springframework.boot.web.embedded.tomcat.TomcatWebServer : Tomcat started on port(s): 8080 (http) with context path ''
2023-08-08 21:49:49.445  INFO 16676 --- [main] com.dreamchaser.depository_manage.DepositoryManageApplication : Started DepositoryManageApplication in 1.658 seconds (JVM running for 2.092)
2023-08-08 21:49:52.851  INFO 16676 --- [http-nio-8080-exec-1] org.apache.catalina.core.ContainerBase.[Tomcat].[localhost].[/] : Initializing Spring DispatcherServlet 'dispatcherServlet'
2023-08-08 21:49:52.851  INFO 16676 --- [http-nio-8080-exec-1] org.springframework.web.servlet.DispatcherServlet : Initializing Servlet 'dispatcherServlet'
2023-08-08 21:49:52.855  INFO 16676 --- [http-nio-8080-exec-1] org.springframework.web.servlet.DispatcherServlet : Completed initialization in 4 ms
2023-08-08 21:49:53.878  INFO 16676 --- [http-nio-8080-exec-3] com.alibaba.druid.pool.DruidDataSource : {dataSource-1} inited
2023-08-08 21:51:40.723  INFO 16676 --- [SpringContextShutdownHook] org.springframework.scheduling.concurrent.ThreadPoolTaskExecutor : Shutting down ExecutorService 'applicationTaskExecutor'
2023-08-08 21:51:40.726  INFO 16676 --- [SpringContextShutdownHook] com.alibaba.druid.pool.DruidDataSource : {dataSource-1} closed
2023-08-08 21:51:42.636  INFO 4064 --- [main] com.dreamchaser.depository_manage.DepositoryManageApplication : Starting DepositoryManageApplication on LAPTOP-H19ORN5S with PID 4064 (C:\Users\Q\Desktop\副本\WlCk-master\target\classes started by Q in C:\Users\Q\Desktop\副本\WlCk-master)
2023-08-08 21:51:42.638  INFO 4064 --- [main] com.dreamchaser.depository_manage.DepositoryManageApplication : The following profiles are active: test
2023-08-08 21:51:43.322  INFO 4064 --- [main] org.springframework.boot.web.embedded.tomcat.TomcatWebServer : Tomcat initialized with port(s): 8080 (http)
2023-08-08 21:51:43.329  INFO 4064 --- [main] org.apache.catalina.core.StandardService : Starting service [Tomcat]
2023-08-08 21:51:43.329  INFO 4064 --- [main] org.apache.catalina.core.StandardEngine : Starting Servlet engine: [Apache Tomcat/9.0.41]
2023-08-08 21:51:43.414  INFO 4064 --- [main] org.apache.catalina.core.ContainerBase.[Tomcat].[localhost].[/] : Initializing Spring embedded WebApplicationContext
2023-08-08 21:51:43.415  INFO 4064 --- [main] org.springframework.boot.web.servlet.context.ServletWebServerApplicationContext : Root WebApplicationContext: initialization completed in 752 ms
2023-08-08 21:51:43.808  INFO 4064 --- [main] org.springframework.scheduling.concurrent.ThreadPoolTaskExecutor : Initializing ExecutorService 'applicationTaskExecutor'
2023-08-08 21:51:43.858  INFO 4064 --- [main] org.springframework.boot.autoconfigure.web.servlet.WelcomePageHandlerMapping : Adding welcome page template: index
2023-08-08 21:51:43.967  INFO 4064 --- [main] org.springframework.boot.web.embedded.tomcat.TomcatWebServer : Tomcat started on port(s): 8080 (http) with context path ''
2023-08-08 21:51:43.973  INFO 4064 --- [main] com.dreamchaser.depository_manage.DepositoryManageApplication : Started DepositoryManageApplication in 1.65 seconds (JVM running for 2.099)
2023-08-08 21:51:47.073  INFO 4064 --- [http-nio-8080-exec-1] org.apache.catalina.core.ContainerBase.[Tomcat].[localhost].[/] : Initializing Spring DispatcherServlet 'dispatcherServlet'
2023-08-08 21:51:47.073  INFO 4064 --- [http-nio-8080-exec-1] org.springframework.web.servlet.DispatcherServlet : Initializing Servlet 'dispatcherServlet'
2023-08-08 21:51:47.077  INFO 4064 --- [http-nio-8080-exec-1] org.springframework.web.servlet.DispatcherServlet : Completed initialization in 4 ms
2023-08-08 21:51:48.124  INFO 4064 --- [http-nio-8080-exec-6] com.alibaba.druid.pool.DruidDataSource : {dataSource-1} inited
2023-08-08 22:09:09.575  INFO 4064 --- [SpringContextShutdownHook] org.springframework.scheduling.concurrent.ThreadPoolTaskExecutor : Shutting down ExecutorService 'applicationTaskExecutor'
2023-08-08 22:09:09.578  INFO 4064 --- [SpringContextShutdownHook] com.alibaba.druid.pool.DruidDataSource : {dataSource-1} closed
2023-08-08 22:09:11.454  INFO 7372 --- [main] com.dreamchaser.depository_manage.DepositoryManageApplication : Starting DepositoryManageApplication on LAPTOP-H19ORN5S with PID 7372 (C:\Users\Q\Desktop\副本\WlCk-master\target\classes started by Q in C:\Users\Q\Desktop\副本\WlCk-master)
2023-08-08 22:09:11.456  INFO 7372 --- [main] com.dreamchaser.depository_manage.DepositoryManageApplication : The following profiles are active: test
2023-08-08 22:09:12.181  INFO 7372 --- [main] org.springframework.boot.web.embedded.tomcat.TomcatWebServer : Tomcat initialized with port(s): 8080 (http)
2023-08-08 22:09:12.189  INFO 7372 --- [main] org.apache.catalina.core.StandardService : Starting service [Tomcat]
2023-08-08 22:09:12.189  INFO 7372 --- [main] org.apache.catalina.core.StandardEngine : Starting Servlet engine: [Apache Tomcat/9.0.41]
2023-08-08 22:09:12.273  INFO 7372 --- [main] org.apache.catalina.core.ContainerBase.[Tomcat].[localhost].[/] : Initializing Spring embedded WebApplicationContext
2023-08-08 22:09:12.274  INFO 7372 --- [main] org.springframework.boot.web.servlet.context.ServletWebServerApplicationContext : Root WebApplicationContext: initialization completed in 790 ms
2023-08-08 22:09:12.703  INFO 7372 --- [main] org.springframework.scheduling.concurrent.ThreadPoolTaskExecutor : Initializing ExecutorService 'applicationTaskExecutor'
2023-08-08 22:09:12.754  INFO 7372 --- [main] org.springframework.boot.autoconfigure.web.servlet.WelcomePageHandlerMapping : Adding welcome page template: index
2023-08-08 22:09:12.872  INFO 7372 --- [main] org.springframework.boot.web.embedded.tomcat.TomcatWebServer : Tomcat started on port(s): 8080 (http) with context path ''
2023-08-08 22:09:12.878  INFO 7372 --- [main] com.dreamchaser.depository_manage.DepositoryManageApplication : Started DepositoryManageApplication in 1.747 seconds (JVM running for 2.181)
2023-08-08 22:09:15.997  INFO 7372 --- [http-nio-8080-exec-1] org.apache.catalina.core.ContainerBase.[Tomcat].[localhost].[/] : Initializing Spring DispatcherServlet 'dispatcherServlet'
2023-08-08 22:09:15.997  INFO 7372 --- [http-nio-8080-exec-1] org.springframework.web.servlet.DispatcherServlet : Initializing Servlet 'dispatcherServlet'
2023-08-08 22:09:16.001  INFO 7372 --- [http-nio-8080-exec-1] org.springframework.web.servlet.DispatcherServlet : Completed initialization in 4 ms
2023-08-08 22:09:17.019  INFO 7372 --- [http-nio-8080-exec-3] com.alibaba.druid.pool.DruidDataSource : {dataSource-1} inited
2023-08-08 22:13:24.876  INFO 7372 --- [SpringContextShutdownHook] org.springframework.scheduling.concurrent.ThreadPoolTaskExecutor : Shutting down ExecutorService 'applicationTaskExecutor'
2023-08-08 22:13:24.879  INFO 7372 --- [SpringContextShutdownHook] com.alibaba.druid.pool.DruidDataSource : {dataSource-1} closed
2023-08-08 22:13:26.814  INFO 1388 --- [main] com.dreamchaser.depository_manage.DepositoryManageApplication : Starting DepositoryManageApplication on LAPTOP-H19ORN5S with PID 1388 (C:\Users\Q\Desktop\副本\WlCk-master\target\classes started by Q in C:\Users\Q\Desktop\副本\WlCk-master)
2023-08-08 22:13:26.816  INFO 1388 --- [main] com.dreamchaser.depository_manage.DepositoryManageApplication : The following profiles are active: test
2023-08-08 22:13:27.519  INFO 1388 --- [main] org.springframework.boot.web.embedded.tomcat.TomcatWebServer : Tomcat initialized with port(s): 8080 (http)
2023-08-08 22:13:27.532  INFO 1388 --- [main] org.apache.catalina.core.StandardService : Starting service [Tomcat]
2023-08-08 22:13:27.532  INFO 1388 --- [main] org.apache.catalina.core.StandardEngine : Starting Servlet engine: [Apache Tomcat/9.0.41]
2023-08-08 22:13:27.609  INFO 1388 --- [main] org.apache.catalina.core.ContainerBase.[Tomcat].[localhost].[/] : Initializing Spring embedded WebApplicationContext
2023-08-08 22:13:27.609  INFO 1388 --- [main] org.springframework.boot.web.servlet.context.ServletWebServerApplicationContext : Root WebApplicationContext: initialization completed in 766 ms
2023-08-08 22:13:28.004  INFO 1388 --- [main] org.springframework.scheduling.concurrent.ThreadPoolTaskExecutor : Initializing ExecutorService 'applicationTaskExecutor'
2023-08-08 22:13:28.055  INFO 1388 --- [main] org.springframework.boot.autoconfigure.web.servlet.WelcomePageHandlerMapping : Adding welcome page template: index
2023-08-08 22:13:28.166  INFO 1388 --- [main] org.springframework.boot.web.embedded.tomcat.TomcatWebServer : Tomcat started on port(s): 8080 (http) with context path ''
2023-08-08 22:13:28.173  INFO 1388 --- [main] com.dreamchaser.depository_manage.DepositoryManageApplication : Started DepositoryManageApplication in 1.68 seconds (JVM running for 2.092)
2023-08-08 22:13:31.231  INFO 1388 --- [http-nio-8080-exec-1] org.apache.catalina.core.ContainerBase.[Tomcat].[localhost].[/] : Initializing Spring DispatcherServlet 'dispatcherServlet'
2023-08-08 22:13:31.231  INFO 1388 --- [http-nio-8080-exec-1] org.springframework.web.servlet.DispatcherServlet : Initializing Servlet 'dispatcherServlet'
2023-08-08 22:13:31.234  INFO 1388 --- [http-nio-8080-exec-1] org.springframework.web.servlet.DispatcherServlet : Completed initialization in 3 ms
2023-08-08 22:13:32.147  INFO 1388 --- [http-nio-8080-exec-2] com.alibaba.druid.pool.DruidDataSource : {dataSource-1} inited
2023-08-08 22:25:07.747  INFO 1388 --- [SpringContextShutdownHook] org.springframework.scheduling.concurrent.ThreadPoolTaskExecutor : Shutting down ExecutorService 'applicationTaskExecutor'
2023-08-08 22:25:07.750  INFO 1388 --- [SpringContextShutdownHook] com.alibaba.druid.pool.DruidDataSource : {dataSource-1} closed
2023-08-08 22:25:09.639  INFO 15428 --- [main] com.dreamchaser.depository_manage.DepositoryManageApplication : Starting DepositoryManageApplication on LAPTOP-H19ORN5S with PID 15428 (C:\Users\Q\Desktop\副本\WlCk-master\target\classes started by Q in C:\Users\Q\Desktop\副本\WlCk-master)
2023-08-08 22:25:09.641  INFO 15428 --- [main] com.dreamchaser.depository_manage.DepositoryManageApplication : The following profiles are active: test
2023-08-08 22:25:10.331  INFO 15428 --- [main] org.springframework.boot.web.embedded.tomcat.TomcatWebServer : Tomcat initialized with port(s): 8080 (http)
2023-08-08 22:25:10.339  INFO 15428 --- [main] org.apache.catalina.core.StandardService : Starting service [Tomcat]
2023-08-08 22:25:10.339  INFO 15428 --- [main] org.apache.catalina.core.StandardEngine : Starting Servlet engine: [Apache Tomcat/9.0.41]
2023-08-08 22:25:10.416  INFO 15428 --- [main] org.apache.catalina.core.ContainerBase.[Tomcat].[localhost].[/] : Initializing Spring embedded WebApplicationContext
2023-08-08 22:25:10.416  INFO 15428 --- [main] org.springframework.boot.web.servlet.context.ServletWebServerApplicationContext : Root WebApplicationContext: initialization completed in 750 ms
2023-08-08 22:25:10.809  INFO 15428 --- [main] org.springframework.scheduling.concurrent.ThreadPoolTaskExecutor : Initializing ExecutorService 'applicationTaskExecutor'
2023-08-08 22:25:10.860  INFO 15428 --- [main] org.springframework.boot.autoconfigure.web.servlet.WelcomePageHandlerMapping : Adding welcome page template: index
2023-08-08 22:25:10.971  INFO 15428 --- [main] org.springframework.boot.web.embedded.tomcat.TomcatWebServer : Tomcat started on port(s): 8080 (http) with context path ''
2023-08-08 22:25:10.978  INFO 15428 --- [main] com.dreamchaser.depository_manage.DepositoryManageApplication : Started DepositoryManageApplication in 1.647 seconds (JVM running for 2.058)
2023-08-08 22:25:22.969  INFO 15428 --- [http-nio-8080-exec-1] org.apache.catalina.core.ContainerBase.[Tomcat].[localhost].[/] : Initializing Spring DispatcherServlet 'dispatcherServlet'
2023-08-08 22:25:22.970  INFO 15428 --- [http-nio-8080-exec-1] org.springframework.web.servlet.DispatcherServlet : Initializing Servlet 'dispatcherServlet'
2023-08-08 22:25:22.974  INFO 15428 --- [http-nio-8080-exec-1] org.springframework.web.servlet.DispatcherServlet : Completed initialization in 4 ms
2023-08-08 22:25:24.681  INFO 15428 --- [http-nio-8080-exec-3] com.alibaba.druid.pool.DruidDataSource : {dataSource-1} inited
2023-08-08 22:25:46.372  INFO 15428 --- [SpringContextShutdownHook] org.springframework.scheduling.concurrent.ThreadPoolTaskExecutor : Shutting down ExecutorService 'applicationTaskExecutor'
2023-08-08 22:25:46.374  INFO 15428 --- [SpringContextShutdownHook] com.alibaba.druid.pool.DruidDataSource : {dataSource-1} closed
2023-08-08 22:25:48.270  INFO 22136 --- [main] com.dreamchaser.depository_manage.DepositoryManageApplication : Starting DepositoryManageApplication on LAPTOP-H19ORN5S with PID 22136 (C:\Users\Q\Desktop\副本\WlCk-master\target\classes started by Q in C:\Users\Q\Desktop\副本\WlCk-master)
2023-08-08 22:25:48.272  INFO 22136 --- [main] com.dreamchaser.depository_manage.DepositoryManageApplication : The following profiles are active: test
2023-08-08 22:25:48.965  INFO 22136 --- [main] org.springframework.boot.web.embedded.tomcat.TomcatWebServer : Tomcat initialized with port(s): 8080 (http)
2023-08-08 22:25:48.971  INFO 22136 --- [main] org.apache.catalina.core.StandardService : Starting service [Tomcat]
2023-08-08 22:25:48.971  INFO 22136 --- [main] org.apache.catalina.core.StandardEngine : Starting Servlet engine: [Apache Tomcat/9.0.41]
2023-08-08 22:25:49.049  INFO 22136 --- [main] org.apache.catalina.core.ContainerBase.[Tomcat].[localhost].[/] : Initializing Spring embedded WebApplicationContext
2023-08-08 22:25:49.050  INFO 22136 --- [main] org.springframework.boot.web.servlet.context.ServletWebServerApplicationContext : Root WebApplicationContext: initialization completed in 754 ms
2023-08-08 22:25:49.449  INFO 22136 --- [main] org.springframework.scheduling.concurrent.ThreadPoolTaskExecutor : Initializing ExecutorService 'applicationTaskExecutor'
2023-08-08 22:25:49.497  INFO 22136 --- [main] org.springframework.boot.autoconfigure.web.servlet.WelcomePageHandlerMapping : Adding welcome page template: index
2023-08-08 22:25:49.609  INFO 22136 --- [main] org.springframework.boot.web.embedded.tomcat.TomcatWebServer : Tomcat started on port(s): 8080 (http) with context path ''
2023-08-08 22:25:49.615  INFO 22136 --- [main] com.dreamchaser.depository_manage.DepositoryManageApplication : Started DepositoryManageApplication in 1.651 seconds (JVM running for 2.124)
2023-08-08 22:25:53.085  INFO 22136 --- [http-nio-8080-exec-1] org.apache.catalina.core.ContainerBase.[Tomcat].[localhost].[/] : Initializing Spring DispatcherServlet 'dispatcherServlet'
2023-08-08 22:25:53.085  INFO 22136 --- [http-nio-8080-exec-1] org.springframework.web.servlet.DispatcherServlet : Initializing Servlet 'dispatcherServlet'
2023-08-08 22:25:53.090  INFO 22136 --- [http-nio-8080-exec-1] org.springframework.web.servlet.DispatcherServlet : Completed initialization in 5 ms
2023-08-08 22:25:54.062  INFO 22136 --- [http-nio-8080-exec-4] com.alibaba.druid.pool.DruidDataSource : {dataSource-1} inited
2023-08-08 22:30:51.085  INFO 22136 --- [SpringContextShutdownHook] org.springframework.scheduling.concurrent.ThreadPoolTaskExecutor : Shutting down ExecutorService 'applicationTaskExecutor'
2023-08-08 22:30:51.087  INFO 22136 --- [SpringContextShutdownHook] com.alibaba.druid.pool.DruidDataSource : {dataSource-1} closed
2023-08-08 22:30:52.982  INFO 6264 --- [main] com.dreamchaser.depository_manage.DepositoryManageApplication : Starting DepositoryManageApplication on LAPTOP-H19ORN5S with PID 6264 (C:\Users\Q\Desktop\副本\WlCk-master\target\classes started by Q in C:\Users\Q\Desktop\副本\WlCk-master)
2023-08-08 22:30:52.984  INFO 6264 --- [main] com.dreamchaser.depository_manage.DepositoryManageApplication : The following profiles are active: test
2023-08-08 22:30:53.693  INFO 6264 --- [main] org.springframework.boot.web.embedded.tomcat.TomcatWebServer : Tomcat initialized with port(s): 8080 (http)
2023-08-08 22:30:53.701  INFO 6264 --- [main] org.apache.catalina.core.StandardService : Starting service [Tomcat]
2023-08-08 22:30:53.701  INFO 6264 --- [main] org.apache.catalina.core.StandardEngine : Starting Servlet engine: [Apache Tomcat/9.0.41]
2023-08-08 22:30:53.778  INFO 6264 --- [main] org.apache.catalina.core.ContainerBase.[Tomcat].[localhost].[/] : Initializing Spring embedded WebApplicationContext
2023-08-08 22:30:53.778  INFO 6264 --- [main] org.springframework.boot.web.servlet.context.ServletWebServerApplicationContext : Root WebApplicationContext: initialization completed in 768 ms
2023-08-08 22:30:54.182  INFO 6264 --- [main] org.springframework.scheduling.concurrent.ThreadPoolTaskExecutor : Initializing ExecutorService 'applicationTaskExecutor'
2023-08-08 22:30:54.230  INFO 6264 --- [main] org.springframework.boot.autoconfigure.web.servlet.WelcomePageHandlerMapping : Adding welcome page template: index
2023-08-08 22:30:54.339  INFO 6264 --- [main] org.springframework.boot.web.embedded.tomcat.TomcatWebServer : Tomcat started on port(s): 8080 (http) with context path ''
2023-08-08 22:30:54.346  INFO 6264 --- [main] com.dreamchaser.depository_manage.DepositoryManageApplication : Started DepositoryManageApplication in 1.674 seconds (JVM running for 2.082)
2023-08-08 22:30:57.130  INFO 6264 --- [http-nio-8080-exec-1] org.apache.catalina.core.ContainerBase.[Tomcat].[localhost].[/] : Initializing Spring DispatcherServlet 'dispatcherServlet'
2023-08-08 22:30:57.130  INFO 6264 --- [http-nio-8080-exec-1] org.springframework.web.servlet.DispatcherServlet : Initializing Servlet 'dispatcherServlet'
2023-08-08 22:30:57.134  INFO 6264 --- [http-nio-8080-exec-1] org.springframework.web.servlet.DispatcherServlet : Completed initialization in 4 ms
2023-08-08 22:30:57.965  INFO 6264 --- [http-nio-8080-exec-3] com.alibaba.druid.pool.DruidDataSource : {dataSource-1} inited
2023-08-08 22:34:26.108  INFO 6264 --- [SpringContextShutdownHook] org.springframework.scheduling.concurrent.ThreadPoolTaskExecutor : Shutting down ExecutorService 'applicationTaskExecutor'
2023-08-08 22:34:26.111  INFO 6264 --- [SpringContextShutdownHook] com.alibaba.druid.pool.DruidDataSource : {dataSource-1} closed
2023-08-08 22:34:27.967  INFO 4500 --- [main] com.dreamchaser.depository_manage.DepositoryManageApplication : Starting DepositoryManageApplication on LAPTOP-H19ORN5S with PID 4500 (C:\Users\Q\Desktop\副本\WlCk-master\target\classes started by Q in C:\Users\Q\Desktop\副本\WlCk-master)
2023-08-08 22:34:27.969  INFO 4500 --- [main] com.dreamchaser.depository_manage.DepositoryManageApplication : The following profiles are active: test
2023-08-08 22:34:28.661  INFO 4500 --- [main] org.springframework.boot.web.embedded.tomcat.TomcatWebServer : Tomcat initialized with port(s): 8080 (http)
2023-08-08 22:34:28.668  INFO 4500 --- [main] org.apache.catalina.core.StandardService : Starting service [Tomcat]
2023-08-08 22:34:28.668  INFO 4500 --- [main] org.apache.catalina.core.StandardEngine : Starting Servlet engine: [Apache Tomcat/9.0.41]
2023-08-08 22:34:28.745  INFO 4500 --- [main] org.apache.catalina.core.ContainerBase.[Tomcat].[localhost].[/] : Initializing Spring embedded WebApplicationContext
2023-08-08 22:34:28.745  INFO 4500 --- [main] org.springframework.boot.web.servlet.context.ServletWebServerApplicationContext : Root WebApplicationContext: initialization completed in 751 ms
2023-08-08 22:34:29.134  INFO 4500 --- [main] org.springframework.scheduling.concurrent.ThreadPoolTaskExecutor : Initializing ExecutorService 'applicationTaskExecutor'
2023-08-08 22:34:29.184  INFO 4500 --- [main] org.springframework.boot.autoconfigure.web.servlet.WelcomePageHandlerMapping : Adding welcome page template: index
2023-08-08 22:34:29.293  INFO 4500 --- [main] org.springframework.boot.web.embedded.tomcat.TomcatWebServer : Tomcat started on port(s): 8080 (http) with context path ''
2023-08-08 22:34:29.299  INFO 4500 --- [main] com.dreamchaser.depository_manage.DepositoryManageApplication : Started DepositoryManageApplication in 1.635 seconds (JVM running for 2.04)
2023-08-08 22:34:35.293  INFO 4500 --- [http-nio-8080-exec-1] org.apache.catalina.core.ContainerBase.[Tomcat].[localhost].[/] : Initializing Spring DispatcherServlet 'dispatcherServlet'
2023-08-08 22:34:35.293  INFO 4500 --- [http-nio-8080-exec-1] org.springframework.web.servlet.DispatcherServlet : Initializing Servlet 'dispatcherServlet'
2023-08-08 22:34:35.296  INFO 4500 --- [http-nio-8080-exec-1] org.springframework.web.servlet.DispatcherServlet : Completed initialization in 3 ms
2023-08-08 22:34:36.133  INFO 4500 --- [http-nio-8080-exec-3] com.alibaba.druid.pool.DruidDataSource : {dataSource-1} inited
2023-08-08 22:34:56.993  INFO 4500 --- [SpringContextShutdownHook] org.springframework.scheduling.concurrent.ThreadPoolTaskExecutor : Shutting down ExecutorService 'applicationTaskExecutor'
2023-08-08 22:34:56.995  INFO 4500 --- [SpringContextShutdownHook] com.alibaba.druid.pool.DruidDataSource : {dataSource-1} closed
2023-08-08 22:52:05.253  INFO 14656 --- [main] com.dreamchaser.depository_manage.DepositoryManageApplication : Starting DepositoryManageApplication on LAPTOP-H19ORN5S with PID 14656 (C:\Users\Q\Desktop\副本\WlCk-master\target\classes started by Q in C:\Users\Q\Desktop\副本\WlCk-master)
2023-08-08 22:52:05.255  INFO 14656 --- [main] com.dreamchaser.depository_manage.DepositoryManageApplication : The following profiles are active: test
2023-08-08 22:52:06.026  INFO 14656 --- [main] org.springframework.boot.web.embedded.tomcat.TomcatWebServer : Tomcat initialized with port(s): 8080 (http)
2023-08-08 22:52:06.034  INFO 14656 --- [main] org.apache.catalina.core.StandardService : Starting service [Tomcat]
2023-08-08 22:52:06.035  INFO 14656 --- [main] org.apache.catalina.core.StandardEngine : Starting Servlet engine: [Apache Tomcat/9.0.41]
2023-08-08 22:52:06.115  INFO 14656 --- [main] org.apache.catalina.core.ContainerBase.[Tomcat].[localhost].[/] : Initializing Spring embedded WebApplicationContext
2023-08-08 22:52:06.115  INFO 14656 --- [main] org.springframework.boot.web.servlet.context.ServletWebServerApplicationContext : Root WebApplicationContext: initialization completed in 833 ms
2023-08-08 22:52:06.540  INFO 14656 --- [main] org.springframework.scheduling.concurrent.ThreadPoolTaskExecutor : Initializing ExecutorService 'applicationTaskExecutor'
2023-08-08 22:52:06.593  INFO 14656 --- [main] org.springframework.boot.autoconfigure.web.servlet.WelcomePageHandlerMapping : Adding welcome page template: index
2023-08-08 22:52:06.715  INFO 14656 --- [main] org.springframework.boot.web.embedded.tomcat.TomcatWebServer : Tomcat started on port(s): 8080 (http) with context path ''
2023-08-08 22:52:06.723  INFO 14656 --- [main] com.dreamchaser.depository_manage.DepositoryManageApplication : Started DepositoryManageApplication in 1.791 seconds (JVM running for 2.224)
2023-08-08 22:52:11.819  INFO 14656 --- [http-nio-8080-exec-1] org.apache.catalina.core.ContainerBase.[Tomcat].[localhost].[/] : Initializing Spring DispatcherServlet 'dispatcherServlet'
2023-08-08 22:52:11.819  INFO 14656 --- [http-nio-8080-exec-1] org.springframework.web.servlet.DispatcherServlet : Initializing Servlet 'dispatcherServlet'
2023-08-08 22:52:11.827  INFO 14656 --- [http-nio-8080-exec-1] org.springframework.web.servlet.DispatcherServlet : Completed initialization in 8 ms
2023-08-08 22:52:14.934  INFO 14656 --- [http-nio-8080-exec-4] com.alibaba.druid.pool.DruidDataSource : {dataSource-1} inited
2023-08-08 22:53:36.774  INFO 14656 --- [SpringContextShutdownHook] org.springframework.scheduling.concurrent.ThreadPoolTaskExecutor : Shutting down ExecutorService 'applicationTaskExecutor'
2023-08-08 22:53:36.777  INFO 14656 --- [SpringContextShutdownHook] com.alibaba.druid.pool.DruidDataSource : {dataSource-1} closed
